<?xml version="1.0" encoding="UTF-8"?>
<!-- Generated by org.testng.reporters.JUnitReportReporter -->
<testsuite hostname="DESKTOP-D6JMFL6" failures="13" tests="24" name="runners.TestRunner" time="743.171" errors="5" timestamp="2026-04-19T16:23:51 IST" skipped="0">
  <testcase classname="runners.TestRunner" name="runScenario" time="11.495"/>
  <testcase classname="runners.TestRunner" name="runScenario" time="66.097"/>
  <testcase classname="runners.TestRunner" name="runScenario" time="16.460">
    <failure message="SC004 precondition search results not shown expected [true] but found [false]" type="java.lang.AssertionError">
      <![CDATA[java.lang.AssertionError: SC004 precondition search results not shown expected [true] but found [false]
at org.testng.Assert.fail(Assert.java:111)
at org.testng.Assert.failNotEquals(Assert.java:1578)
at org.testng.Assert.assertTrue(Assert.java:57)
at stepdefinitions.Scenario004CarSelectionSteps.userPreparesSC004ScenarioWithTestCase(Scenario004CarSelectionSteps.java:31)
at ✽.user prepares SC004 scenario with test case "TC_014"(file:///C:/Users/Hp/Documents/Codex/2026-04-19-files-mentioned-by-the-user-airport/src/test/resources/features/SC004_car_selection.feature:4)
]]>
    </failure>
  </testcase> <!-- runScenario -->
  <testcase classname="runners.TestRunner" name="runScenario" time="194.609">
    <error message="OTP login was not completed within timeout" type="java.lang.IllegalStateException">
      <![CDATA[java.lang.IllegalStateException: OTP login was not completed within timeout
at pages.LoginPage.waitForManualOtpCompletionAndAutoSubmit(LoginPage.java:74)
at pages.LoginPage.loginWithManualOtpIfNeeded(LoginPage.java:35)
at stepdefinitions.Scenario001PickupDropSteps.userPreparesSC001ScenarioWithTestCase(Scenario001PickupDropSteps.java:28)
at ✽.user prepares SC001 scenario with test case "TC_004"(file:///C:/Users/Hp/Documents/Codex/2026-04-19-files-mentioned-by-the-user-airport/src/test/resources/features/SC001_pickup_drop_search.feature:4)
]]>
    </error>
  </testcase> <!-- runScenario -->
  <testcase classname="runners.TestRunner" name="runScenario" time="188.702">
    <error message="OTP login was not completed within timeout" type="java.lang.IllegalStateException">
      <![CDATA[java.lang.IllegalStateException: OTP login was not completed within timeout
at pages.LoginPage.waitForManualOtpCompletionAndAutoSubmit(LoginPage.java:74)
at pages.LoginPage.loginWithManualOtpIfNeeded(LoginPage.java:35)
at stepdefinitions.Scenario004CarSelectionSteps.userPreparesSC004ScenarioWithTestCase(Scenario004CarSelectionSteps.java:28)
at ✽.user prepares SC004 scenario with test case "TC_017"(file:///C:/Users/Hp/Documents/Codex/2026-04-19-files-mentioned-by-the-user-airport/src/test/resources/features/SC004_car_selection.feature:4)
]]>
    </error>
  </testcase> <!-- runScenario -->
  <testcase classname="runners.TestRunner" name="runScenario" time="12.803">
    <failure message="SC002 valid date/time failed expected [true] but found [false]" type="java.lang.AssertionError">
      <![CDATA[java.lang.AssertionError: SC002 valid date/time failed expected [true] but found [false]
at org.testng.Assert.fail(Assert.java:111)
at org.testng.Assert.failNotEquals(Assert.java:1578)
at org.testng.Assert.assertTrue(Assert.java:57)
at stepdefinitions.Scenario002DateTimeSteps.sc002ExpectedOutcomeShouldBeValidated(Scenario002DateTimeSteps.java:44)
at ✽.SC002 expected outcome should be validated(file:///C:/Users/Hp/Documents/Codex/2026-04-19-files-mentioned-by-the-user-airport/src/test/resources/features/SC002_pickup_date_time.feature:6)
]]>
    </failure>
  </testcase> <!-- runScenario -->
  <testcase classname="runners.TestRunner" name="runScenario" time="16.992">
    <failure message="SC006 precondition search results not shown expected [true] but found [false]" type="java.lang.AssertionError">
      <![CDATA[java.lang.AssertionError: SC006 precondition search results not shown expected [true] but found [false]
at org.testng.Assert.fail(Assert.java:111)
at org.testng.Assert.failNotEquals(Assert.java:1578)
at org.testng.Assert.assertTrue(Assert.java:57)
at stepdefinitions.Scenario006BookingDetailsSteps.userPreparesSC006ScenarioWithTestCase(Scenario006BookingDetailsSteps.java:33)
at ✽.user prepares SC006 scenario with test case "TC_026"(file:///C:/Users/Hp/Documents/Codex/2026-04-19-files-mentioned-by-the-user-airport/src/test/resources/features/SC006_booking_details.feature:4)
]]>
    </failure>
  </testcase> <!-- runScenario -->
  <testcase classname="runners.TestRunner" name="runScenario" time="15.502"/>
  <testcase classname="runners.TestRunner" name="runScenario" time="7.600">
    <error message="No clickable element found
For documentation on this error, please visit: https://www.selenium.dev/documentation/webdriver/troubleshooting/errors#no-such-element-exception
Build info: version: &#039;4.18.1&#039;, revision: &#039;b1d3319b48&#039;
System info: os.name: &#039;Windows 11&#039;, os.arch: &#039;amd64&#039;, os.version: &#039;10.0&#039;, java.version: &#039;23.0.1&#039;
Driver info: driver.version: unknown" type="org.openqa.selenium.NoSuchElementException">
      <![CDATA[org.openqa.selenium.NoSuchElementException: No clickable element found
For documentation on this error, please visit: https://www.selenium.dev/documentation/webdriver/troubleshooting/errors#no-such-element-exception
Build info: version: '4.18.1', revision: 'b1d3319b48'
System info: os.name: 'Windows 11', os.arch: 'amd64', os.version: '10.0', java.version: '23.0.1'
Driver info: driver.version: unknown
at pages.BasePage.clickFirstAvailable(BasePage.java:79)
at pages.LoginPage.openSignIn(LoginPage.java:42)
at pages.LoginPage.loginWithManualOtpIfNeeded(LoginPage.java:33)
at stepdefinitions.Scenario001PickupDropSteps.userPreparesSC001ScenarioWithTestCase(Scenario001PickupDropSteps.java:28)
at ✽.user prepares SC001 scenario with test case "TC_002"(file:///C:/Users/Hp/Documents/Codex/2026-04-19-files-mentioned-by-the-user-airport/src/test/resources/features/SC001_pickup_drop_search.feature:4)
]]>
    </error>
  </testcase> <!-- runScenario -->
  <testcase classname="runners.TestRunner" name="runScenario" time="18.214">
    <failure message="SC006 precondition search results not shown expected [true] but found [false]" type="java.lang.AssertionError">
      <![CDATA[java.lang.AssertionError: SC006 precondition search results not shown expected [true] but found [false]
at org.testng.Assert.fail(Assert.java:111)
at org.testng.Assert.failNotEquals(Assert.java:1578)
at org.testng.Assert.assertTrue(Assert.java:57)
at stepdefinitions.Scenario006BookingDetailsSteps.userPreparesSC006ScenarioWithTestCase(Scenario006BookingDetailsSteps.java:33)
at ✽.user prepares SC006 scenario with test case "TC_024"(file:///C:/Users/Hp/Documents/Codex/2026-04-19-files-mentioned-by-the-user-airport/src/test/resources/features/SC006_booking_details.feature:4)
]]>
    </failure>
  </testcase> <!-- runScenario -->
  <testcase classname="runners.TestRunner" name="runScenario" time="12.775">
    <failure message="SC003 performance expectation failed expected [true] but found [false]" type="java.lang.AssertionError">
      <![CDATA[java.lang.AssertionError: SC003 performance expectation failed expected [true] but found [false]
at org.testng.Assert.fail(Assert.java:111)
at org.testng.Assert.failNotEquals(Assert.java:1578)
at org.testng.Assert.assertTrue(Assert.java:57)
at stepdefinitions.Scenario003SearchResultsSteps.sc003ExpectedOutcomeShouldBeValidated(Scenario003SearchResultsSteps.java:67)
at ✽.SC003 expected outcome should be validated(file:///C:/Users/Hp/Documents/Codex/2026-04-19-files-mentioned-by-the-user-airport/src/test/resources/features/SC003_search_results.feature:6)
]]>
    </failure>
  </testcase> <!-- runScenario -->
  <testcase classname="runners.TestRunner" name="runScenario" time="16.323">
    <failure message="SC005 results page should display first expected [true] but found [false]" type="java.lang.AssertionError">
      <![CDATA[java.lang.AssertionError: SC005 results page should display first expected [true] but found [false]
at org.testng.Assert.fail(Assert.java:111)
at org.testng.Assert.failNotEquals(Assert.java:1578)
at org.testng.Assert.assertTrue(Assert.java:57)
at stepdefinitions.Scenario005NavigationFlowSteps.userExecutesNavigationFlowForSC005(Scenario005NavigationFlowSteps.java:37)
at ✽.user executes navigation flow for SC005(file:///C:/Users/Hp/Documents/Codex/2026-04-19-files-mentioned-by-the-user-airport/src/test/resources/features/SC005_navigation_flow.feature:5)
]]>
    </failure>
  </testcase> <!-- runScenario -->
  <testcase classname="runners.TestRunner" name="runScenario" time="16.508">
    <failure message="SC004 precondition search results not shown expected [true] but found [false]" type="java.lang.AssertionError">
      <![CDATA[java.lang.AssertionError: SC004 precondition search results not shown expected [true] but found [false]
at org.testng.Assert.fail(Assert.java:111)
at org.testng.Assert.failNotEquals(Assert.java:1578)
at org.testng.Assert.assertTrue(Assert.java:57)
at stepdefinitions.Scenario004CarSelectionSteps.userPreparesSC004ScenarioWithTestCase(Scenario004CarSelectionSteps.java:31)
at ✽.user prepares SC004 scenario with test case "TC_015"(file:///C:/Users/Hp/Documents/Codex/2026-04-19-files-mentioned-by-the-user-airport/src/test/resources/features/SC004_car_selection.feature:4)
]]>
    </failure>
  </testcase> <!-- runScenario -->
  <testcase classname="runners.TestRunner" name="runScenario" time="12.973">
    <failure message="SC003 valid route failed expected [true] but found [false]" type="java.lang.AssertionError">
      <![CDATA[java.lang.AssertionError: SC003 valid route failed expected [true] but found [false]
at org.testng.Assert.fail(Assert.java:111)
at org.testng.Assert.failNotEquals(Assert.java:1578)
at org.testng.Assert.assertTrue(Assert.java:57)
at stepdefinitions.Scenario003SearchResultsSteps.sc003ExpectedOutcomeShouldBeValidated(Scenario003SearchResultsSteps.java:56)
at ✽.SC003 expected outcome should be validated(file:///C:/Users/Hp/Documents/Codex/2026-04-19-files-mentioned-by-the-user-airport/src/test/resources/features/SC003_search_results.feature:6)
]]>
    </failure>
  </testcase> <!-- runScenario -->
  <testcase classname="runners.TestRunner" name="runScenario" time="16.935">
    <failure message="SC005 results page should display first expected [true] but found [false]" type="java.lang.AssertionError">
      <![CDATA[java.lang.AssertionError: SC005 results page should display first expected [true] but found [false]
at org.testng.Assert.fail(Assert.java:111)
at org.testng.Assert.failNotEquals(Assert.java:1578)
at org.testng.Assert.assertTrue(Assert.java:57)
at stepdefinitions.Scenario005NavigationFlowSteps.userExecutesNavigationFlowForSC005(Scenario005NavigationFlowSteps.java:37)
at ✽.user executes navigation flow for SC005(file:///C:/Users/Hp/Documents/Codex/2026-04-19-files-mentioned-by-the-user-airport/src/test/resources/features/SC005_navigation_flow.feature:5)
]]>
    </failure>
  </testcase> <!-- runScenario -->
  <testcase classname="runners.TestRunner" name="runScenario" time="11.136"/>
  <testcase classname="runners.TestRunner" name="runScenario" time="11.423">
    <error message="invalid selector: Unable to locate an element with the xpath expression //*[contains(.,&#039;couldn’t find any rides&#039;) or contains(.,&#039;couldn&#039;t find any rides&#039;)] because of the following error:
SyntaxError: Failed to execute &#039;evaluate&#039; on &#039;Document&#039;: The string &#039;//*[contains(.,&#039;couldn’t find any rides&#039;) or contains(.,&#039;couldn&#039;t find any rides&#039;)]&#039; is not a valid XPath expression.
  (Session info: chrome=147.0.7727.56)
For documentation on this error, please visit: https://www.selenium.dev/documentation/webdriver/troubleshooting/errors#invalid-selector-exception
Build info: version: &#039;4.18.1&#039;, revision: &#039;b1d3319b48&#039;
System info: os.name: &#039;Windows 11&#039;, os.arch: &#039;amd64&#039;, os.version: &#039;10.0&#039;, java.version: &#039;23.0.1&#039;
Driver info: org.openqa.selenium.chrome.ChromeDriver
Command: [204864327f478b4b4741b777840bd3da, findElements {value=//*[contains(.,&#039;couldn’t find any rides&#039;) or contains(.,&#039;couldn&#039;t find any rides&#039;)], using=xpath}]
Capabilities {acceptInsecureCerts: false, browserName: chrome, browserVersion: 147.0.7727.56, chrome: {chromedriverVersion: 147.0.7727.57 (b4f28b5637d0..., userDataDir: C:\Users\Hp\AppData\Local\T...}, fedcm:accounts: true, goog:chromeOptions: {debuggerAddress: localhost:62511}, goog:processID: 27988, networkConnectionEnabled: false, pageLoadStrategy: normal, platformName: windows, proxy: Proxy(), se:cdp: ws://localhost:62511/devtoo..., se:cdpVersion: 147.0.7727.56, setWindowRect: true, strictFileInteractability: false, timeouts: {implicit: 0, pageLoad: 300000, script: 30000}, unhandledPromptBehavior: dismiss and notify, webauthn:extension:credBlob: true, webauthn:extension:largeBlob: true, webauthn:extension:minPinLength: true, webauthn:extension:prf: true, webauthn:virtualAuthenticators: true}
Session ID: 204864327f478b4b4741b777840bd3da" type="org.openqa.selenium.InvalidSelectorException">
      <![CDATA[org.openqa.selenium.InvalidSelectorException: invalid selector: Unable to locate an element with the xpath expression //*[contains(.,'couldn’t find any rides') or contains(.,'couldn't find any rides')] because of the following error:
SyntaxError: Failed to execute 'evaluate' on 'Document': The string '//*[contains(.,'couldn’t find any rides') or contains(.,'couldn't find any rides')]' is not a valid XPath expression.
  (Session info: chrome=147.0.7727.56)
For documentation on this error, please visit: https://www.selenium.dev/documentation/webdriver/troubleshooting/errors#invalid-selector-exception
Build info: version: '4.18.1', revision: 'b1d3319b48'
System info: os.name: 'Windows 11', os.arch: 'amd64', os.version: '10.0', java.version: '23.0.1'
Driver info: org.openqa.selenium.chrome.ChromeDriver
Command: [204864327f478b4b4741b777840bd3da, findElements {value=//*[contains(.,'couldn’t find any rides') or contains(.,'couldn't find any rides')], using=xpath}]
Capabilities {acceptInsecureCerts: false, browserName: chrome, browserVersion: 147.0.7727.56, chrome: {chromedriverVersion: 147.0.7727.57 (b4f28b5637d0..., userDataDir: C:\Users\Hp\AppData\Local\T...}, fedcm:accounts: true, goog:chromeOptions: {debuggerAddress: localhost:62511}, goog:processID: 27988, networkConnectionEnabled: false, pageLoadStrategy: normal, platformName: windows, proxy: Proxy(), se:cdp: ws://localhost:62511/devtoo..., se:cdpVersion: 147.0.7727.56, setWindowRect: true, strictFileInteractability: false, timeouts: {implicit: 0, pageLoad: 300000, script: 30000}, unhandledPromptBehavior: dismiss and notify, webauthn:extension:credBlob: true, webauthn:extension:largeBlob: true, webauthn:extension:minPinLength: true, webauthn:extension:prf: true, webauthn:virtualAuthenticators: true}
Session ID: 204864327f478b4b4741b777840bd3da
at java.base/jdk.internal.reflect.DirectConstructorHandleAccessor.newInstance(DirectConstructorHandleAccessor.java:62)
at java.base/java.lang.reflect.Constructor.newInstanceWithCaller(Constructor.java:501)
at java.base/java.lang.reflect.Constructor.newInstance(Constructor.java:485)
at org.openqa.selenium.remote.ErrorCodec.decode(ErrorCodec.java:167)
at org.openqa.selenium.remote.codec.w3c.W3CHttpResponseCodec.decode(W3CHttpResponseCodec.java:138)
at org.openqa.selenium.remote.codec.w3c.W3CHttpResponseCodec.decode(W3CHttpResponseCodec.java:50)
at org.openqa.selenium.remote.HttpCommandExecutor.execute(HttpCommandExecutor.java:190)
at org.openqa.selenium.remote.service.DriverCommandExecutor.invokeExecute(DriverCommandExecutor.java:216)
at org.openqa.selenium.remote.service.DriverCommandExecutor.execute(DriverCommandExecutor.java:174)
at org.openqa.selenium.remote.RemoteWebDriver.execute(RemoteWebDriver.java:519)
at org.openqa.selenium.remote.ElementLocation$ElementFinder$2.findElements(ElementLocation.java:182)
at org.openqa.selenium.remote.ElementLocation.findElements(ElementLocation.java:103)
at org.openqa.selenium.remote.RemoteWebDriver.findElements(RemoteWebDriver.java:369)
at org.openqa.selenium.remote.RemoteWebDriver.findElements(RemoteWebDriver.java:363)
at pages.BasePage.isAnyVisible(BasePage.java:39)
at pages.SearchResultsPage.isNoCarsMessageDisplayed(SearchResultsPage.java:36)
at stepdefinitions.Scenario003SearchResultsSteps.sc003ExpectedOutcomeShouldBeValidated(Scenario003SearchResultsSteps.java:63)
at ✽.SC003 expected outcome should be validated(file:///C:/Users/Hp/Documents/Codex/2026-04-19-files-mentioned-by-the-user-airport/src/test/resources/features/SC003_search_results.feature:6)
]]>
    </error>
  </testcase> <!-- runScenario -->
  <testcase classname="runners.TestRunner" name="runScenario" time="11.111"/>
  <testcase classname="runners.TestRunner" name="runScenario" time="6.810">
    <error message="No clickable element found
For documentation on this error, please visit: https://www.selenium.dev/documentation/webdriver/troubleshooting/errors#no-such-element-exception
Build info: version: &#039;4.18.1&#039;, revision: &#039;b1d3319b48&#039;
System info: os.name: &#039;Windows 11&#039;, os.arch: &#039;amd64&#039;, os.version: &#039;10.0&#039;, java.version: &#039;23.0.1&#039;
Driver info: driver.version: unknown" type="org.openqa.selenium.NoSuchElementException">
      <![CDATA[org.openqa.selenium.NoSuchElementException: No clickable element found
For documentation on this error, please visit: https://www.selenium.dev/documentation/webdriver/troubleshooting/errors#no-such-element-exception
Build info: version: '4.18.1', revision: 'b1d3319b48'
System info: os.name: 'Windows 11', os.arch: 'amd64', os.version: '10.0', java.version: '23.0.1'
Driver info: driver.version: unknown
at pages.BasePage.clickFirstAvailable(BasePage.java:79)
at pages.LoginPage.openSignIn(LoginPage.java:42)
at pages.LoginPage.loginWithManualOtpIfNeeded(LoginPage.java:33)
at stepdefinitions.Scenario001PickupDropSteps.userPreparesSC001ScenarioWithTestCase(Scenario001PickupDropSteps.java:28)
at ✽.user prepares SC001 scenario with test case "TC_001"(file:///C:/Users/Hp/Documents/Codex/2026-04-19-files-mentioned-by-the-user-airport/src/test/resources/features/SC001_pickup_drop_search.feature:4)
]]>
    </error>
  </testcase> <!-- runScenario -->
  <testcase classname="runners.TestRunner" name="runScenario" time="17.029">
    <failure message="SC006 precondition search results not shown expected [true] but found [false]" type="java.lang.AssertionError">
      <![CDATA[java.lang.AssertionError: SC006 precondition search results not shown expected [true] but found [false]
at org.testng.Assert.fail(Assert.java:111)
at org.testng.Assert.failNotEquals(Assert.java:1578)
at org.testng.Assert.assertTrue(Assert.java:57)
at stepdefinitions.Scenario006BookingDetailsSteps.userPreparesSC006ScenarioWithTestCase(Scenario006BookingDetailsSteps.java:33)
at ✽.user prepares SC006 scenario with test case "TC_022"(file:///C:/Users/Hp/Documents/Codex/2026-04-19-files-mentioned-by-the-user-airport/src/test/resources/features/SC006_booking_details.feature:4)
]]>
    </failure>
  </testcase> <!-- runScenario -->
  <testcase classname="runners.TestRunner" name="runScenario" time="16.912">
    <failure message="SC006 precondition search results not shown expected [true] but found [false]" type="java.lang.AssertionError">
      <![CDATA[java.lang.AssertionError: SC006 precondition search results not shown expected [true] but found [false]
at org.testng.Assert.fail(Assert.java:111)
at org.testng.Assert.failNotEquals(Assert.java:1578)
at org.testng.Assert.assertTrue(Assert.java:57)
at stepdefinitions.Scenario006BookingDetailsSteps.userPreparesSC006ScenarioWithTestCase(Scenario006BookingDetailsSteps.java:33)
at ✽.user prepares SC006 scenario with test case "TC_023"(file:///C:/Users/Hp/Documents/Codex/2026-04-19-files-mentioned-by-the-user-airport/src/test/resources/features/SC006_booking_details.feature:4)
]]>
    </failure>
  </testcase> <!-- runScenario -->
  <testcase classname="runners.TestRunner" name="runScenario" time="11.163"/>
  <testcase classname="runners.TestRunner" name="runScenario" time="16.660">
    <failure message="SC004 precondition search results not shown expected [true] but found [false]" type="java.lang.AssertionError">
      <![CDATA[java.lang.AssertionError: SC004 precondition search results not shown expected [true] but found [false]
at org.testng.Assert.fail(Assert.java:111)
at org.testng.Assert.failNotEquals(Assert.java:1578)
at org.testng.Assert.assertTrue(Assert.java:57)
at stepdefinitions.Scenario004CarSelectionSteps.userPreparesSC004ScenarioWithTestCase(Scenario004CarSelectionSteps.java:31)
at ✽.user prepares SC004 scenario with test case "TC_016"(file:///C:/Users/Hp/Documents/Codex/2026-04-19-files-mentioned-by-the-user-airport/src/test/resources/features/SC004_car_selection.feature:4)
]]>
    </failure>
  </testcase> <!-- runScenario -->
  <testcase classname="runners.TestRunner" name="runScenario" time="16.939">
    <failure message="SC006 precondition search results not shown expected [true] but found [false]" type="java.lang.AssertionError">
      <![CDATA[java.lang.AssertionError: SC006 precondition search results not shown expected [true] but found [false]
at org.testng.Assert.fail(Assert.java:111)
at org.testng.Assert.failNotEquals(Assert.java:1578)
at org.testng.Assert.assertTrue(Assert.java:57)
at stepdefinitions.Scenario006BookingDetailsSteps.userPreparesSC006ScenarioWithTestCase(Scenario006BookingDetailsSteps.java:33)
at ✽.user prepares SC006 scenario with test case "TC_025"(file:///C:/Users/Hp/Documents/Codex/2026-04-19-files-mentioned-by-the-user-airport/src/test/resources/features/SC006_booking_details.feature:4)
]]>
    </failure>
  </testcase> <!-- runScenario -->
</testsuite> <!-- runners.TestRunner -->
