<?xml version="1.0" encoding="UTF-8"?>
<testng-results ignored="0" total="24" passed="6" failed="18" skipped="0">
  <reporter-output>
  </reporter-output>
  <suite started-at="2026-04-19T16:17:19 IST" name="Default suite" finished-at="2026-04-19T16:23:51 IST" duration-ms="391605">
    <groups>
      <group name="cucumber">
        <method signature="AbstractTestNGCucumberTests.runScenario(io.cucumber.testng.PickleWrapper,io.cucumber.testng.FeatureWrapper)[pri:0, instance:runners.TestRunner@313b2ea6]" name="runScenario" class="io.cucumber.testng.AbstractTestNGCucumberTests"/>
      </group> <!-- cucumber -->
    </groups>
    <test started-at="2026-04-19T16:17:19 IST" name="Default test" finished-at="2026-04-19T16:23:51 IST" duration-ms="391605">
      <class name="runners.TestRunner">
        <test-method is-config="true" signature="setUpClass(org.testng.ITestContext)[pri:0, instance:runners.TestRunner@313b2ea6]" started-at="2026-04-19T16:17:19 IST" name="setUpClass" finished-at="2026-04-19T16:17:20 IST" duration-ms="460" status="PASS">
          <params>
            <param index="0">
              <value>
                <![CDATA[org.testng.TestRunner@a486d78]]>
              </value>
            </param>
          </params>
          <reporter-output>
          </reporter-output>
        </test-method> <!-- setUpClass -->
        <test-method signature="runScenario(io.cucumber.testng.PickleWrapper,io.cucumber.testng.FeatureWrapper)[pri:0, instance:runners.TestRunner@313b2ea6]" started-at="2026-04-19T16:17:20 IST" name="runScenario" description="Runs Cucumber Scenarios" data-provider="scenarios" finished-at="2026-04-19T16:17:27 IST" duration-ms="7600" status="FAIL">
          <params>
            <param index="0">
              <value>
                <![CDATA["Execute SC001 testcase TC_002"]]>
              </value>
            </param>
            <param index="1">
              <value>
                <![CDATA["SC001 pickup and drop validation"]]>
              </value>
            </param>
          </params>
          <exception class="org.openqa.selenium.NoSuchElementException">
            <message>
              <![CDATA[No clickable element found
For documentation on this error, please visit: https://www.selenium.dev/documentation/webdriver/troubleshooting/errors#no-such-element-exception
Build info: version: '4.18.1', revision: 'b1d3319b48'
System info: os.name: 'Windows 11', os.arch: 'amd64', os.version: '10.0', java.version: '23.0.1'
Driver info: driver.version: unknown]]>
            </message>
            <full-stacktrace>
              <![CDATA[org.openqa.selenium.NoSuchElementException: No clickable element found
For documentation on this error, please visit: https://www.selenium.dev/documentation/webdriver/troubleshooting/errors#no-such-element-exception
Build info: version: '4.18.1', revision: 'b1d3319b48'
System info: os.name: 'Windows 11', os.arch: 'amd64', os.version: '10.0', java.version: '23.0.1'
Driver info: driver.version: unknown
at pages.BasePage.clickFirstAvailable(BasePage.java:79)
at pages.LoginPage.openSignIn(LoginPage.java:42)
at pages.LoginPage.loginWithManualOtpIfNeeded(LoginPage.java:33)
at stepdefinitions.Scenario001PickupDropSteps.userPreparesSC001ScenarioWithTestCase(Scenario001PickupDropSteps.java:28)
at ✽.user prepares SC001 scenario with test case "TC_002"(file:///C:/Users/Hp/Documents/Codex/2026-04-19-files-mentioned-by-the-user-airport/src/test/resources/features/SC001_pickup_drop_search.feature:4)
]]>
            </full-stacktrace>
          </exception> <!-- org.openqa.selenium.NoSuchElementException -->
          <reporter-output>
          </reporter-output>
        </test-method> <!-- runScenario -->
        <test-method signature="runScenario(io.cucumber.testng.PickleWrapper,io.cucumber.testng.FeatureWrapper)[pri:0, instance:runners.TestRunner@313b2ea6]" started-at="2026-04-19T16:17:20 IST" name="runScenario" description="Runs Cucumber Scenarios" data-provider="scenarios" finished-at="2026-04-19T16:17:26 IST" duration-ms="6810" status="FAIL">
          <params>
            <param index="0">
              <value>
                <![CDATA["Execute SC001 testcase TC_001"]]>
              </value>
            </param>
            <param index="1">
              <value>
                <![CDATA["SC001 pickup and drop validation"]]>
              </value>
            </param>
          </params>
          <exception class="org.openqa.selenium.NoSuchElementException">
            <message>
              <![CDATA[No clickable element found
For documentation on this error, please visit: https://www.selenium.dev/documentation/webdriver/troubleshooting/errors#no-such-element-exception
Build info: version: '4.18.1', revision: 'b1d3319b48'
System info: os.name: 'Windows 11', os.arch: 'amd64', os.version: '10.0', java.version: '23.0.1'
Driver info: driver.version: unknown]]>
            </message>
            <full-stacktrace>
              <![CDATA[org.openqa.selenium.NoSuchElementException: No clickable element found
For documentation on this error, please visit: https://www.selenium.dev/documentation/webdriver/troubleshooting/errors#no-such-element-exception
Build info: version: '4.18.1', revision: 'b1d3319b48'
System info: os.name: 'Windows 11', os.arch: 'amd64', os.version: '10.0', java.version: '23.0.1'
Driver info: driver.version: unknown
at pages.BasePage.clickFirstAvailable(BasePage.java:79)
at pages.LoginPage.openSignIn(LoginPage.java:42)
at pages.LoginPage.loginWithManualOtpIfNeeded(LoginPage.java:33)
at stepdefinitions.Scenario001PickupDropSteps.userPreparesSC001ScenarioWithTestCase(Scenario001PickupDropSteps.java:28)
at ✽.user prepares SC001 scenario with test case "TC_001"(file:///C:/Users/Hp/Documents/Codex/2026-04-19-files-mentioned-by-the-user-airport/src/test/resources/features/SC001_pickup_drop_search.feature:4)
]]>
            </full-stacktrace>
          </exception> <!-- org.openqa.selenium.NoSuchElementException -->
          <reporter-output>
          </reporter-output>
        </test-method> <!-- runScenario -->
        <test-method signature="runScenario(io.cucumber.testng.PickleWrapper,io.cucumber.testng.FeatureWrapper)[pri:0, instance:runners.TestRunner@313b2ea6]" started-at="2026-04-19T16:17:27 IST" name="runScenario" description="Runs Cucumber Scenarios" data-provider="scenarios" finished-at="2026-04-19T16:18:33 IST" duration-ms="66097" status="PASS">
          <params>
            <param index="0">
              <value>
                <![CDATA["Execute SC001 testcase TC_003"]]>
              </value>
            </param>
            <param index="1">
              <value>
                <![CDATA["SC001 pickup and drop validation"]]>
              </value>
            </param>
          </params>
          <reporter-output>
          </reporter-output>
        </test-method> <!-- runScenario -->
        <test-method signature="runScenario(io.cucumber.testng.PickleWrapper,io.cucumber.testng.FeatureWrapper)[pri:0, instance:runners.TestRunner@313b2ea6]" started-at="2026-04-19T16:17:27 IST" name="runScenario" description="Runs Cucumber Scenarios" data-provider="scenarios" finished-at="2026-04-19T16:20:42 IST" duration-ms="194609" status="FAIL">
          <params>
            <param index="0">
              <value>
                <![CDATA["Execute SC001 testcase TC_004"]]>
              </value>
            </param>
            <param index="1">
              <value>
                <![CDATA["SC001 pickup and drop validation"]]>
              </value>
            </param>
          </params>
          <exception class="java.lang.IllegalStateException">
            <message>
              <![CDATA[OTP login was not completed within timeout]]>
            </message>
            <full-stacktrace>
              <![CDATA[java.lang.IllegalStateException: OTP login was not completed within timeout
at pages.LoginPage.waitForManualOtpCompletionAndAutoSubmit(LoginPage.java:74)
at pages.LoginPage.loginWithManualOtpIfNeeded(LoginPage.java:35)
at stepdefinitions.Scenario001PickupDropSteps.userPreparesSC001ScenarioWithTestCase(Scenario001PickupDropSteps.java:28)
at ✽.user prepares SC001 scenario with test case "TC_004"(file:///C:/Users/Hp/Documents/Codex/2026-04-19-files-mentioned-by-the-user-airport/src/test/resources/features/SC001_pickup_drop_search.feature:4)
]]>
            </full-stacktrace>
          </exception> <!-- java.lang.IllegalStateException -->
          <reporter-output>
          </reporter-output>
        </test-method> <!-- runScenario -->
        <test-method signature="runScenario(io.cucumber.testng.PickleWrapper,io.cucumber.testng.FeatureWrapper)[pri:0, instance:runners.TestRunner@313b2ea6]" started-at="2026-04-19T16:18:33 IST" name="runScenario" description="Runs Cucumber Scenarios" data-provider="scenarios" finished-at="2026-04-19T16:18:44 IST" duration-ms="11136" status="PASS">
          <params>
            <param index="0">
              <value>
                <![CDATA["Execute SC001 testcase TC_005"]]>
              </value>
            </param>
            <param index="1">
              <value>
                <![CDATA["SC001 pickup and drop validation"]]>
              </value>
            </param>
          </params>
          <reporter-output>
          </reporter-output>
        </test-method> <!-- runScenario -->
        <test-method signature="runScenario(io.cucumber.testng.PickleWrapper,io.cucumber.testng.FeatureWrapper)[pri:0, instance:runners.TestRunner@313b2ea6]" started-at="2026-04-19T16:18:44 IST" name="runScenario" description="Runs Cucumber Scenarios" data-provider="scenarios" finished-at="2026-04-19T16:18:57 IST" duration-ms="12803" status="FAIL">
          <params>
            <param index="0">
              <value>
                <![CDATA["Execute SC002 testcase TC_006"]]>
              </value>
            </param>
            <param index="1">
              <value>
                <![CDATA["SC002 pickup date and time validation"]]>
              </value>
            </param>
          </params>
          <exception class="java.lang.AssertionError">
            <message>
              <![CDATA[SC002 valid date/time failed expected [true] but found [false]]]>
            </message>
            <full-stacktrace>
              <![CDATA[java.lang.AssertionError: SC002 valid date/time failed expected [true] but found [false]
at org.testng.Assert.fail(Assert.java:111)
at org.testng.Assert.failNotEquals(Assert.java:1578)
at org.testng.Assert.assertTrue(Assert.java:57)
at stepdefinitions.Scenario002DateTimeSteps.sc002ExpectedOutcomeShouldBeValidated(Scenario002DateTimeSteps.java:44)
at ✽.SC002 expected outcome should be validated(file:///C:/Users/Hp/Documents/Codex/2026-04-19-files-mentioned-by-the-user-airport/src/test/resources/features/SC002_pickup_date_time.feature:6)
]]>
            </full-stacktrace>
          </exception> <!-- java.lang.AssertionError -->
          <reporter-output>
          </reporter-output>
        </test-method> <!-- runScenario -->
        <test-method signature="runScenario(io.cucumber.testng.PickleWrapper,io.cucumber.testng.FeatureWrapper)[pri:0, instance:runners.TestRunner@313b2ea6]" started-at="2026-04-19T16:18:57 IST" name="runScenario" description="Runs Cucumber Scenarios" data-provider="scenarios" finished-at="2026-04-19T16:19:08 IST" duration-ms="11495" status="PASS">
          <params>
            <param index="0">
              <value>
                <![CDATA["Execute SC002 testcase TC_007"]]>
              </value>
            </param>
            <param index="1">
              <value>
                <![CDATA["SC002 pickup date and time validation"]]>
              </value>
            </param>
          </params>
          <reporter-output>
          </reporter-output>
        </test-method> <!-- runScenario -->
        <test-method signature="runScenario(io.cucumber.testng.PickleWrapper,io.cucumber.testng.FeatureWrapper)[pri:0, instance:runners.TestRunner@313b2ea6]" started-at="2026-04-19T16:19:08 IST" name="runScenario" description="Runs Cucumber Scenarios" data-provider="scenarios" finished-at="2026-04-19T16:19:21 IST" duration-ms="12973" status="FAIL">
          <params>
            <param index="0">
              <value>
                <![CDATA["Execute SC003 testcase TC_010"]]>
              </value>
            </param>
            <param index="1">
              <value>
                <![CDATA["SC003 search results and no-results behavior"]]>
              </value>
            </param>
          </params>
          <exception class="java.lang.AssertionError">
            <message>
              <![CDATA[SC003 valid route failed expected [true] but found [false]]]>
            </message>
            <full-stacktrace>
              <![CDATA[java.lang.AssertionError: SC003 valid route failed expected [true] but found [false]
at org.testng.Assert.fail(Assert.java:111)
at org.testng.Assert.failNotEquals(Assert.java:1578)
at org.testng.Assert.assertTrue(Assert.java:57)
at stepdefinitions.Scenario003SearchResultsSteps.sc003ExpectedOutcomeShouldBeValidated(Scenario003SearchResultsSteps.java:56)
at ✽.SC003 expected outcome should be validated(file:///C:/Users/Hp/Documents/Codex/2026-04-19-files-mentioned-by-the-user-airport/src/test/resources/features/SC003_search_results.feature:6)
]]>
            </full-stacktrace>
          </exception> <!-- java.lang.AssertionError -->
          <reporter-output>
          </reporter-output>
        </test-method> <!-- runScenario -->
        <test-method signature="runScenario(io.cucumber.testng.PickleWrapper,io.cucumber.testng.FeatureWrapper)[pri:0, instance:runners.TestRunner@313b2ea6]" started-at="2026-04-19T16:19:21 IST" name="runScenario" description="Runs Cucumber Scenarios" data-provider="scenarios" finished-at="2026-04-19T16:19:32 IST" duration-ms="11111" status="PASS">
          <params>
            <param index="0">
              <value>
                <![CDATA["Execute SC003 testcase TC_011"]]>
              </value>
            </param>
            <param index="1">
              <value>
                <![CDATA["SC003 search results and no-results behavior"]]>
              </value>
            </param>
          </params>
          <reporter-output>
          </reporter-output>
        </test-method> <!-- runScenario -->
        <test-method signature="runScenario(io.cucumber.testng.PickleWrapper,io.cucumber.testng.FeatureWrapper)[pri:0, instance:runners.TestRunner@313b2ea6]" started-at="2026-04-19T16:19:32 IST" name="runScenario" description="Runs Cucumber Scenarios" data-provider="scenarios" finished-at="2026-04-19T16:19:44 IST" duration-ms="11423" status="FAIL">
          <params>
            <param index="0">
              <value>
                <![CDATA["Execute SC003 testcase TC_012"]]>
              </value>
            </param>
            <param index="1">
              <value>
                <![CDATA["SC003 search results and no-results behavior"]]>
              </value>
            </param>
          </params>
          <exception class="org.openqa.selenium.InvalidSelectorException">
            <message>
              <![CDATA[invalid selector: Unable to locate an element with the xpath expression //*[contains(.,'couldn’t find any rides') or contains(.,'couldn't find any rides')] because of the following error:
SyntaxError: Failed to execute 'evaluate' on 'Document': The string '//*[contains(.,'couldn’t find any rides') or contains(.,'couldn't find any rides')]' is not a valid XPath expression.
  (Session info: chrome=147.0.7727.56)
For documentation on this error, please visit: https://www.selenium.dev/documentation/webdriver/troubleshooting/errors#invalid-selector-exception
Build info: version: '4.18.1', revision: 'b1d3319b48'
System info: os.name: 'Windows 11', os.arch: 'amd64', os.version: '10.0', java.version: '23.0.1'
Driver info: org.openqa.selenium.chrome.ChromeDriver
Command: [204864327f478b4b4741b777840bd3da, findElements {value=//*[contains(.,'couldn’t find any rides') or contains(.,'couldn't find any rides')], using=xpath}]
Capabilities {acceptInsecureCerts: false, browserName: chrome, browserVersion: 147.0.7727.56, chrome: {chromedriverVersion: 147.0.7727.57 (b4f28b5637d0..., userDataDir: C:\Users\Hp\AppData\Local\T...}, fedcm:accounts: true, goog:chromeOptions: {debuggerAddress: localhost:62511}, goog:processID: 27988, networkConnectionEnabled: false, pageLoadStrategy: normal, platformName: windows, proxy: Proxy(), se:cdp: ws://localhost:62511/devtoo..., se:cdpVersion: 147.0.7727.56, setWindowRect: true, strictFileInteractability: false, timeouts: {implicit: 0, pageLoad: 300000, script: 30000}, unhandledPromptBehavior: dismiss and notify, webauthn:extension:credBlob: true, webauthn:extension:largeBlob: true, webauthn:extension:minPinLength: true, webauthn:extension:prf: true, webauthn:virtualAuthenticators: true}
Session ID: 204864327f478b4b4741b777840bd3da]]>
            </message>
            <full-stacktrace>
              <![CDATA[org.openqa.selenium.InvalidSelectorException: invalid selector: Unable to locate an element with the xpath expression //*[contains(.,'couldn’t find any rides') or contains(.,'couldn't find any rides')] because of the following error:
SyntaxError: Failed to execute 'evaluate' on 'Document': The string '//*[contains(.,'couldn’t find any rides') or contains(.,'couldn't find any rides')]' is not a valid XPath expression.
  (Session info: chrome=147.0.7727.56)
For documentation on this error, please visit: https://www.selenium.dev/documentation/webdriver/troubleshooting/errors#invalid-selector-exception
Build info: version: '4.18.1', revision: 'b1d3319b48'
System info: os.name: 'Windows 11', os.arch: 'amd64', os.version: '10.0', java.version: '23.0.1'
Driver info: org.openqa.selenium.chrome.ChromeDriver
Command: [204864327f478b4b4741b777840bd3da, findElements {value=//*[contains(.,'couldn’t find any rides') or contains(.,'couldn't find any rides')], using=xpath}]
Capabilities {acceptInsecureCerts: false, browserName: chrome, browserVersion: 147.0.7727.56, chrome: {chromedriverVersion: 147.0.7727.57 (b4f28b5637d0..., userDataDir: C:\Users\Hp\AppData\Local\T...}, fedcm:accounts: true, goog:chromeOptions: {debuggerAddress: localhost:62511}, goog:processID: 27988, networkConnectionEnabled: false, pageLoadStrategy: normal, platformName: windows, proxy: Proxy(), se:cdp: ws://localhost:62511/devtoo..., se:cdpVersion: 147.0.7727.56, setWindowRect: true, strictFileInteractability: false, timeouts: {implicit: 0, pageLoad: 300000, script: 30000}, unhandledPromptBehavior: dismiss and notify, webauthn:extension:credBlob: true, webauthn:extension:largeBlob: true, webauthn:extension:minPinLength: true, webauthn:extension:prf: true, webauthn:virtualAuthenticators: true}
Session ID: 204864327f478b4b4741b777840bd3da
at java.base/jdk.internal.reflect.DirectConstructorHandleAccessor.newInstance(DirectConstructorHandleAccessor.java:62)
at java.base/java.lang.reflect.Constructor.newInstanceWithCaller(Constructor.java:501)
at java.base/java.lang.reflect.Constructor.newInstance(Constructor.java:485)
at org.openqa.selenium.remote.ErrorCodec.decode(ErrorCodec.java:167)
at org.openqa.selenium.remote.codec.w3c.W3CHttpResponseCodec.decode(W3CHttpResponseCodec.java:138)
at org.openqa.selenium.remote.codec.w3c.W3CHttpResponseCodec.decode(W3CHttpResponseCodec.java:50)
at org.openqa.selenium.remote.HttpCommandExecutor.execute(HttpCommandExecutor.java:190)
at org.openqa.selenium.remote.service.DriverCommandExecutor.invokeExecute(DriverCommandExecutor.java:216)
at org.openqa.selenium.remote.service.DriverCommandExecutor.execute(DriverCommandExecutor.java:174)
at org.openqa.selenium.remote.RemoteWebDriver.execute(RemoteWebDriver.java:519)
at org.openqa.selenium.remote.ElementLocation$ElementFinder$2.findElements(ElementLocation.java:182)
at org.openqa.selenium.remote.ElementLocation.findElements(ElementLocation.java:103)
at org.openqa.selenium.remote.RemoteWebDriver.findElements(RemoteWebDriver.java:369)
at org.openqa.selenium.remote.RemoteWebDriver.findElements(RemoteWebDriver.java:363)
at pages.BasePage.isAnyVisible(BasePage.java:39)
at pages.SearchResultsPage.isNoCarsMessageDisplayed(SearchResultsPage.java:36)
at stepdefinitions.Scenario003SearchResultsSteps.sc003ExpectedOutcomeShouldBeValidated(Scenario003SearchResultsSteps.java:63)
at ✽.SC003 expected outcome should be validated(file:///C:/Users/Hp/Documents/Codex/2026-04-19-files-mentioned-by-the-user-airport/src/test/resources/features/SC003_search_results.feature:6)
]]>
            </full-stacktrace>
          </exception> <!-- org.openqa.selenium.InvalidSelectorException -->
          <reporter-output>
          </reporter-output>
        </test-method> <!-- runScenario -->
        <test-method signature="runScenario(io.cucumber.testng.PickleWrapper,io.cucumber.testng.FeatureWrapper)[pri:0, instance:runners.TestRunner@313b2ea6]" started-at="2026-04-19T16:19:44 IST" name="runScenario" description="Runs Cucumber Scenarios" data-provider="scenarios" finished-at="2026-04-19T16:19:56 IST" duration-ms="12775" status="FAIL">
          <params>
            <param index="0">
              <value>
                <![CDATA["Execute SC003 testcase TC_013"]]>
              </value>
            </param>
            <param index="1">
              <value>
                <![CDATA["SC003 search results and no-results behavior"]]>
              </value>
            </param>
          </params>
          <exception class="java.lang.AssertionError">
            <message>
              <![CDATA[SC003 performance expectation failed expected [true] but found [false]]]>
            </message>
            <full-stacktrace>
              <![CDATA[java.lang.AssertionError: SC003 performance expectation failed expected [true] but found [false]
at org.testng.Assert.fail(Assert.java:111)
at org.testng.Assert.failNotEquals(Assert.java:1578)
at org.testng.Assert.assertTrue(Assert.java:57)
at stepdefinitions.Scenario003SearchResultsSteps.sc003ExpectedOutcomeShouldBeValidated(Scenario003SearchResultsSteps.java:67)
at ✽.SC003 expected outcome should be validated(file:///C:/Users/Hp/Documents/Codex/2026-04-19-files-mentioned-by-the-user-airport/src/test/resources/features/SC003_search_results.feature:6)
]]>
            </full-stacktrace>
          </exception> <!-- java.lang.AssertionError -->
          <reporter-output>
          </reporter-output>
        </test-method> <!-- runScenario -->
        <test-method signature="runScenario(io.cucumber.testng.PickleWrapper,io.cucumber.testng.FeatureWrapper)[pri:0, instance:runners.TestRunner@313b2ea6]" started-at="2026-04-19T16:19:56 IST" name="runScenario" description="Runs Cucumber Scenarios" data-provider="scenarios" finished-at="2026-04-19T16:20:13 IST" duration-ms="16460" status="FAIL">
          <params>
            <param index="0">
              <value>
                <![CDATA["Execute SC004 testcase TC_014"]]>
              </value>
            </param>
            <param index="1">
              <value>
                <![CDATA["SC004 car selection and unavailable car validation"]]>
              </value>
            </param>
          </params>
          <exception class="java.lang.AssertionError">
            <message>
              <![CDATA[SC004 precondition search results not shown expected [true] but found [false]]]>
            </message>
            <full-stacktrace>
              <![CDATA[java.lang.AssertionError: SC004 precondition search results not shown expected [true] but found [false]
at org.testng.Assert.fail(Assert.java:111)
at org.testng.Assert.failNotEquals(Assert.java:1578)
at org.testng.Assert.assertTrue(Assert.java:57)
at stepdefinitions.Scenario004CarSelectionSteps.userPreparesSC004ScenarioWithTestCase(Scenario004CarSelectionSteps.java:31)
at ✽.user prepares SC004 scenario with test case "TC_014"(file:///C:/Users/Hp/Documents/Codex/2026-04-19-files-mentioned-by-the-user-airport/src/test/resources/features/SC004_car_selection.feature:4)
]]>
            </full-stacktrace>
          </exception> <!-- java.lang.AssertionError -->
          <reporter-output>
          </reporter-output>
        </test-method> <!-- runScenario -->
        <test-method signature="runScenario(io.cucumber.testng.PickleWrapper,io.cucumber.testng.FeatureWrapper)[pri:0, instance:runners.TestRunner@313b2ea6]" started-at="2026-04-19T16:20:13 IST" name="runScenario" description="Runs Cucumber Scenarios" data-provider="scenarios" finished-at="2026-04-19T16:20:29 IST" duration-ms="16508" status="FAIL">
          <params>
            <param index="0">
              <value>
                <![CDATA["Execute SC004 testcase TC_015"]]>
              </value>
            </param>
            <param index="1">
              <value>
                <![CDATA["SC004 car selection and unavailable car validation"]]>
              </value>
            </param>
          </params>
          <exception class="java.lang.AssertionError">
            <message>
              <![CDATA[SC004 precondition search results not shown expected [true] but found [false]]]>
            </message>
            <full-stacktrace>
              <![CDATA[java.lang.AssertionError: SC004 precondition search results not shown expected [true] but found [false]
at org.testng.Assert.fail(Assert.java:111)
at org.testng.Assert.failNotEquals(Assert.java:1578)
at org.testng.Assert.assertTrue(Assert.java:57)
at stepdefinitions.Scenario004CarSelectionSteps.userPreparesSC004ScenarioWithTestCase(Scenario004CarSelectionSteps.java:31)
at ✽.user prepares SC004 scenario with test case "TC_015"(file:///C:/Users/Hp/Documents/Codex/2026-04-19-files-mentioned-by-the-user-airport/src/test/resources/features/SC004_car_selection.feature:4)
]]>
            </full-stacktrace>
          </exception> <!-- java.lang.AssertionError -->
          <reporter-output>
          </reporter-output>
        </test-method> <!-- runScenario -->
        <test-method signature="runScenario(io.cucumber.testng.PickleWrapper,io.cucumber.testng.FeatureWrapper)[pri:0, instance:runners.TestRunner@313b2ea6]" started-at="2026-04-19T16:20:29 IST" name="runScenario" description="Runs Cucumber Scenarios" data-provider="scenarios" finished-at="2026-04-19T16:20:46 IST" duration-ms="16660" status="FAIL">
          <params>
            <param index="0">
              <value>
                <![CDATA["Execute SC004 testcase TC_016"]]>
              </value>
            </param>
            <param index="1">
              <value>
                <![CDATA["SC004 car selection and unavailable car validation"]]>
              </value>
            </param>
          </params>
          <exception class="java.lang.AssertionError">
            <message>
              <![CDATA[SC004 precondition search results not shown expected [true] but found [false]]]>
            </message>
            <full-stacktrace>
              <![CDATA[java.lang.AssertionError: SC004 precondition search results not shown expected [true] but found [false]
at org.testng.Assert.fail(Assert.java:111)
at org.testng.Assert.failNotEquals(Assert.java:1578)
at org.testng.Assert.assertTrue(Assert.java:57)
at stepdefinitions.Scenario004CarSelectionSteps.userPreparesSC004ScenarioWithTestCase(Scenario004CarSelectionSteps.java:31)
at ✽.user prepares SC004 scenario with test case "TC_016"(file:///C:/Users/Hp/Documents/Codex/2026-04-19-files-mentioned-by-the-user-airport/src/test/resources/features/SC004_car_selection.feature:4)
]]>
            </full-stacktrace>
          </exception> <!-- java.lang.AssertionError -->
          <reporter-output>
          </reporter-output>
        </test-method> <!-- runScenario -->
        <test-method signature="runScenario(io.cucumber.testng.PickleWrapper,io.cucumber.testng.FeatureWrapper)[pri:0, instance:runners.TestRunner@313b2ea6]" started-at="2026-04-19T16:20:42 IST" name="runScenario" description="Runs Cucumber Scenarios" data-provider="scenarios" finished-at="2026-04-19T16:23:51 IST" duration-ms="188702" status="FAIL">
          <params>
            <param index="0">
              <value>
                <![CDATA["Execute SC004 testcase TC_017"]]>
              </value>
            </param>
            <param index="1">
              <value>
                <![CDATA["SC004 car selection and unavailable car validation"]]>
              </value>
            </param>
          </params>
          <exception class="java.lang.IllegalStateException">
            <message>
              <![CDATA[OTP login was not completed within timeout]]>
            </message>
            <full-stacktrace>
              <![CDATA[java.lang.IllegalStateException: OTP login was not completed within timeout
at pages.LoginPage.waitForManualOtpCompletionAndAutoSubmit(LoginPage.java:74)
at pages.LoginPage.loginWithManualOtpIfNeeded(LoginPage.java:35)
at stepdefinitions.Scenario004CarSelectionSteps.userPreparesSC004ScenarioWithTestCase(Scenario004CarSelectionSteps.java:28)
at ✽.user prepares SC004 scenario with test case "TC_017"(file:///C:/Users/Hp/Documents/Codex/2026-04-19-files-mentioned-by-the-user-airport/src/test/resources/features/SC004_car_selection.feature:4)
]]>
            </full-stacktrace>
          </exception> <!-- java.lang.IllegalStateException -->
          <reporter-output>
          </reporter-output>
        </test-method> <!-- runScenario -->
        <test-method signature="runScenario(io.cucumber.testng.PickleWrapper,io.cucumber.testng.FeatureWrapper)[pri:0, instance:runners.TestRunner@313b2ea6]" started-at="2026-04-19T16:20:46 IST" name="runScenario" description="Runs Cucumber Scenarios" data-provider="scenarios" finished-at="2026-04-19T16:21:03 IST" duration-ms="16935" status="FAIL">
          <params>
            <param index="0">
              <value>
                <![CDATA["Execute SC005 testcase TC_018"]]>
              </value>
            </param>
            <param index="1">
              <value>
                <![CDATA["SC005 navigation flow and browser back behavior"]]>
              </value>
            </param>
          </params>
          <exception class="java.lang.AssertionError">
            <message>
              <![CDATA[SC005 results page should display first expected [true] but found [false]]]>
            </message>
            <full-stacktrace>
              <![CDATA[java.lang.AssertionError: SC005 results page should display first expected [true] but found [false]
at org.testng.Assert.fail(Assert.java:111)
at org.testng.Assert.failNotEquals(Assert.java:1578)
at org.testng.Assert.assertTrue(Assert.java:57)
at stepdefinitions.Scenario005NavigationFlowSteps.userExecutesNavigationFlowForSC005(Scenario005NavigationFlowSteps.java:37)
at ✽.user executes navigation flow for SC005(file:///C:/Users/Hp/Documents/Codex/2026-04-19-files-mentioned-by-the-user-airport/src/test/resources/features/SC005_navigation_flow.feature:5)
]]>
            </full-stacktrace>
          </exception> <!-- java.lang.AssertionError -->
          <reporter-output>
          </reporter-output>
        </test-method> <!-- runScenario -->
        <test-method signature="runScenario(io.cucumber.testng.PickleWrapper,io.cucumber.testng.FeatureWrapper)[pri:0, instance:runners.TestRunner@313b2ea6]" started-at="2026-04-19T16:21:03 IST" name="runScenario" description="Runs Cucumber Scenarios" data-provider="scenarios" finished-at="2026-04-19T16:21:18 IST" duration-ms="15502" status="PASS">
          <params>
            <param index="0">
              <value>
                <![CDATA["Execute SC005 testcase TC_019"]]>
              </value>
            </param>
            <param index="1">
              <value>
                <![CDATA["SC005 navigation flow and browser back behavior"]]>
              </value>
            </param>
          </params>
          <reporter-output>
          </reporter-output>
        </test-method> <!-- runScenario -->
        <test-method signature="runScenario(io.cucumber.testng.PickleWrapper,io.cucumber.testng.FeatureWrapper)[pri:0, instance:runners.TestRunner@313b2ea6]" started-at="2026-04-19T16:21:18 IST" name="runScenario" description="Runs Cucumber Scenarios" data-provider="scenarios" finished-at="2026-04-19T16:21:30 IST" duration-ms="11163" status="PASS">
          <params>
            <param index="0">
              <value>
                <![CDATA["Execute SC005 testcase TC_020"]]>
              </value>
            </param>
            <param index="1">
              <value>
                <![CDATA["SC005 navigation flow and browser back behavior"]]>
              </value>
            </param>
          </params>
          <reporter-output>
          </reporter-output>
        </test-method> <!-- runScenario -->
        <test-method signature="runScenario(io.cucumber.testng.PickleWrapper,io.cucumber.testng.FeatureWrapper)[pri:0, instance:runners.TestRunner@313b2ea6]" started-at="2026-04-19T16:21:30 IST" name="runScenario" description="Runs Cucumber Scenarios" data-provider="scenarios" finished-at="2026-04-19T16:21:46 IST" duration-ms="16323" status="FAIL">
          <params>
            <param index="0">
              <value>
                <![CDATA["Execute SC005 testcase TC_021"]]>
              </value>
            </param>
            <param index="1">
              <value>
                <![CDATA["SC005 navigation flow and browser back behavior"]]>
              </value>
            </param>
          </params>
          <exception class="java.lang.AssertionError">
            <message>
              <![CDATA[SC005 results page should display first expected [true] but found [false]]]>
            </message>
            <full-stacktrace>
              <![CDATA[java.lang.AssertionError: SC005 results page should display first expected [true] but found [false]
at org.testng.Assert.fail(Assert.java:111)
at org.testng.Assert.failNotEquals(Assert.java:1578)
at org.testng.Assert.assertTrue(Assert.java:57)
at stepdefinitions.Scenario005NavigationFlowSteps.userExecutesNavigationFlowForSC005(Scenario005NavigationFlowSteps.java:37)
at ✽.user executes navigation flow for SC005(file:///C:/Users/Hp/Documents/Codex/2026-04-19-files-mentioned-by-the-user-airport/src/test/resources/features/SC005_navigation_flow.feature:5)
]]>
            </full-stacktrace>
          </exception> <!-- java.lang.AssertionError -->
          <reporter-output>
          </reporter-output>
        </test-method> <!-- runScenario -->
        <test-method signature="runScenario(io.cucumber.testng.PickleWrapper,io.cucumber.testng.FeatureWrapper)[pri:0, instance:runners.TestRunner@313b2ea6]" started-at="2026-04-19T16:21:46 IST" name="runScenario" description="Runs Cucumber Scenarios" data-provider="scenarios" finished-at="2026-04-19T16:22:03 IST" duration-ms="17029" status="FAIL">
          <params>
            <param index="0">
              <value>
                <![CDATA["Execute SC006 testcase TC_022"]]>
              </value>
            </param>
            <param index="1">
              <value>
                <![CDATA["SC006 booking details form validation"]]>
              </value>
            </param>
          </params>
          <exception class="java.lang.AssertionError">
            <message>
              <![CDATA[SC006 precondition search results not shown expected [true] but found [false]]]>
            </message>
            <full-stacktrace>
              <![CDATA[java.lang.AssertionError: SC006 precondition search results not shown expected [true] but found [false]
at org.testng.Assert.fail(Assert.java:111)
at org.testng.Assert.failNotEquals(Assert.java:1578)
at org.testng.Assert.assertTrue(Assert.java:57)
at stepdefinitions.Scenario006BookingDetailsSteps.userPreparesSC006ScenarioWithTestCase(Scenario006BookingDetailsSteps.java:33)
at ✽.user prepares SC006 scenario with test case "TC_022"(file:///C:/Users/Hp/Documents/Codex/2026-04-19-files-mentioned-by-the-user-airport/src/test/resources/features/SC006_booking_details.feature:4)
]]>
            </full-stacktrace>
          </exception> <!-- java.lang.AssertionError -->
          <reporter-output>
          </reporter-output>
        </test-method> <!-- runScenario -->
        <test-method signature="runScenario(io.cucumber.testng.PickleWrapper,io.cucumber.testng.FeatureWrapper)[pri:0, instance:runners.TestRunner@313b2ea6]" started-at="2026-04-19T16:22:03 IST" name="runScenario" description="Runs Cucumber Scenarios" data-provider="scenarios" finished-at="2026-04-19T16:22:20 IST" duration-ms="16912" status="FAIL">
          <params>
            <param index="0">
              <value>
                <![CDATA["Execute SC006 testcase TC_023"]]>
              </value>
            </param>
            <param index="1">
              <value>
                <![CDATA["SC006 booking details form validation"]]>
              </value>
            </param>
          </params>
          <exception class="java.lang.AssertionError">
            <message>
              <![CDATA[SC006 precondition search results not shown expected [true] but found [false]]]>
            </message>
            <full-stacktrace>
              <![CDATA[java.lang.AssertionError: SC006 precondition search results not shown expected [true] but found [false]
at org.testng.Assert.fail(Assert.java:111)
at org.testng.Assert.failNotEquals(Assert.java:1578)
at org.testng.Assert.assertTrue(Assert.java:57)
at stepdefinitions.Scenario006BookingDetailsSteps.userPreparesSC006ScenarioWithTestCase(Scenario006BookingDetailsSteps.java:33)
at ✽.user prepares SC006 scenario with test case "TC_023"(file:///C:/Users/Hp/Documents/Codex/2026-04-19-files-mentioned-by-the-user-airport/src/test/resources/features/SC006_booking_details.feature:4)
]]>
            </full-stacktrace>
          </exception> <!-- java.lang.AssertionError -->
          <reporter-output>
          </reporter-output>
        </test-method> <!-- runScenario -->
        <test-method signature="runScenario(io.cucumber.testng.PickleWrapper,io.cucumber.testng.FeatureWrapper)[pri:0, instance:runners.TestRunner@313b2ea6]" started-at="2026-04-19T16:22:20 IST" name="runScenario" description="Runs Cucumber Scenarios" data-provider="scenarios" finished-at="2026-04-19T16:22:38 IST" duration-ms="18214" status="FAIL">
          <params>
            <param index="0">
              <value>
                <![CDATA["Execute SC006 testcase TC_024"]]>
              </value>
            </param>
            <param index="1">
              <value>
                <![CDATA["SC006 booking details form validation"]]>
              </value>
            </param>
          </params>
          <exception class="java.lang.AssertionError">
            <message>
              <![CDATA[SC006 precondition search results not shown expected [true] but found [false]]]>
            </message>
            <full-stacktrace>
              <![CDATA[java.lang.AssertionError: SC006 precondition search results not shown expected [true] but found [false]
at org.testng.Assert.fail(Assert.java:111)
at org.testng.Assert.failNotEquals(Assert.java:1578)
at org.testng.Assert.assertTrue(Assert.java:57)
at stepdefinitions.Scenario006BookingDetailsSteps.userPreparesSC006ScenarioWithTestCase(Scenario006BookingDetailsSteps.java:33)
at ✽.user prepares SC006 scenario with test case "TC_024"(file:///C:/Users/Hp/Documents/Codex/2026-04-19-files-mentioned-by-the-user-airport/src/test/resources/features/SC006_booking_details.feature:4)
]]>
            </full-stacktrace>
          </exception> <!-- java.lang.AssertionError -->
          <reporter-output>
          </reporter-output>
        </test-method> <!-- runScenario -->
        <test-method signature="runScenario(io.cucumber.testng.PickleWrapper,io.cucumber.testng.FeatureWrapper)[pri:0, instance:runners.TestRunner@313b2ea6]" started-at="2026-04-19T16:22:38 IST" name="runScenario" description="Runs Cucumber Scenarios" data-provider="scenarios" finished-at="2026-04-19T16:22:55 IST" duration-ms="16939" status="FAIL">
          <params>
            <param index="0">
              <value>
                <![CDATA["Execute SC006 testcase TC_025"]]>
              </value>
            </param>
            <param index="1">
              <value>
                <![CDATA["SC006 booking details form validation"]]>
              </value>
            </param>
          </params>
          <exception class="java.lang.AssertionError">
            <message>
              <![CDATA[SC006 precondition search results not shown expected [true] but found [false]]]>
            </message>
            <full-stacktrace>
              <![CDATA[java.lang.AssertionError: SC006 precondition search results not shown expected [true] but found [false]
at org.testng.Assert.fail(Assert.java:111)
at org.testng.Assert.failNotEquals(Assert.java:1578)
at org.testng.Assert.assertTrue(Assert.java:57)
at stepdefinitions.Scenario006BookingDetailsSteps.userPreparesSC006ScenarioWithTestCase(Scenario006BookingDetailsSteps.java:33)
at ✽.user prepares SC006 scenario with test case "TC_025"(file:///C:/Users/Hp/Documents/Codex/2026-04-19-files-mentioned-by-the-user-airport/src/test/resources/features/SC006_booking_details.feature:4)
]]>
            </full-stacktrace>
          </exception> <!-- java.lang.AssertionError -->
          <reporter-output>
          </reporter-output>
        </test-method> <!-- runScenario -->
        <test-method signature="runScenario(io.cucumber.testng.PickleWrapper,io.cucumber.testng.FeatureWrapper)[pri:0, instance:runners.TestRunner@313b2ea6]" started-at="2026-04-19T16:22:55 IST" name="runScenario" description="Runs Cucumber Scenarios" data-provider="scenarios" finished-at="2026-04-19T16:23:12 IST" duration-ms="16992" status="FAIL">
          <params>
            <param index="0">
              <value>
                <![CDATA["Execute SC006 testcase TC_026"]]>
              </value>
            </param>
            <param index="1">
              <value>
                <![CDATA["SC006 booking details form validation"]]>
              </value>
            </param>
          </params>
          <exception class="java.lang.AssertionError">
            <message>
              <![CDATA[SC006 precondition search results not shown expected [true] but found [false]]]>
            </message>
            <full-stacktrace>
              <![CDATA[java.lang.AssertionError: SC006 precondition search results not shown expected [true] but found [false]
at org.testng.Assert.fail(Assert.java:111)
at org.testng.Assert.failNotEquals(Assert.java:1578)
at org.testng.Assert.assertTrue(Assert.java:57)
at stepdefinitions.Scenario006BookingDetailsSteps.userPreparesSC006ScenarioWithTestCase(Scenario006BookingDetailsSteps.java:33)
at ✽.user prepares SC006 scenario with test case "TC_026"(file:///C:/Users/Hp/Documents/Codex/2026-04-19-files-mentioned-by-the-user-airport/src/test/resources/features/SC006_booking_details.feature:4)
]]>
            </full-stacktrace>
          </exception> <!-- java.lang.AssertionError -->
          <reporter-output>
          </reporter-output>
        </test-method> <!-- runScenario -->
        <test-method is-config="true" signature="tearDownClass()[pri:0, instance:runners.TestRunner@313b2ea6]" started-at="2026-04-19T16:23:51 IST" name="tearDownClass" finished-at="2026-04-19T16:23:51 IST" duration-ms="189" status="PASS">
          <reporter-output>
          </reporter-output>
        </test-method> <!-- tearDownClass -->
      </class> <!-- runners.TestRunner -->
    </test> <!-- Default test -->
  </suite> <!-- Default suite -->
</testng-results>
