<?xml version="1.0" encoding="UTF-8"?>
<testng-results ignored="0" total="24" passed="1" failed="23" skipped="0">
  <reporter-output>
  </reporter-output>
  <suite started-at="2026-04-19T16:59:04 IST" name="Default suite" finished-at="2026-04-19T17:06:47 IST" duration-ms="463195">
    <groups>
      <group name="cucumber">
        <method signature="AbstractTestNGCucumberTests.runScenario(io.cucumber.testng.PickleWrapper,io.cucumber.testng.FeatureWrapper)[pri:0, instance:runners.TestRunner@683dbc2c]" name="runScenario" class="io.cucumber.testng.AbstractTestNGCucumberTests"/>
      </group> <!-- cucumber -->
    </groups>
    <test started-at="2026-04-19T16:59:04 IST" name="Default test" finished-at="2026-04-19T17:06:47 IST" duration-ms="463195">
      <class name="runners.TestRunner">
        <test-method is-config="true" signature="setUpClass(org.testng.ITestContext)[pri:0, instance:runners.TestRunner@683dbc2c]" started-at="2026-04-19T16:59:04 IST" name="setUpClass" finished-at="2026-04-19T16:59:05 IST" duration-ms="460" status="PASS">
          <params>
            <param index="0">
              <value>
                <![CDATA[org.testng.TestRunner@2b52c0d6]]>
              </value>
            </param>
          </params>
          <reporter-output>
          </reporter-output>
        </test-method> <!-- setUpClass -->
        <test-method signature="runScenario(io.cucumber.testng.PickleWrapper,io.cucumber.testng.FeatureWrapper)[pri:0, instance:runners.TestRunner@683dbc2c]" started-at="2026-04-19T16:59:05 IST" name="runScenario" description="Runs Cucumber Scenarios" data-provider="scenarios" finished-at="2026-04-19T17:00:41 IST" duration-ms="96240" status="FAIL">
          <params>
            <param index="0">
              <value>
                <![CDATA["Execute rental cars SC001 testcase TC_001"]]>
              </value>
            </param>
            <param index="1">
              <value>
                <![CDATA["SC001 rental car search validation"]]>
              </value>
            </param>
          </params>
          <exception class="org.openqa.selenium.TimeoutException">
            <message>
              <![CDATA[Expected condition failed: waiting for visibility of element located by By.xpath: //input[contains(@placeholder,'Pick-up') or contains(@aria-label,'Pick-up') or contains(@placeholder,'pickup') or contains(@data-testid,'pickup')] (tried for 25 second(s) with 500 milliseconds interval)
Build info: version: '4.18.1', revision: 'b1d3319b48'
System info: os.name: 'Windows 11', os.arch: 'amd64', os.version: '10.0', java.version: '23.0.1'
Driver info: org.openqa.selenium.chrome.ChromeDriver
Capabilities {acceptInsecureCerts: false, browserName: chrome, browserVersion: 147.0.7727.56, chrome: {chromedriverVersion: 147.0.7727.57 (b4f28b5637d0..., userDataDir: C:\Users\Hp\AppData\Local\T...}, fedcm:accounts: true, goog:chromeOptions: {debuggerAddress: localhost:65119}, goog:processID: 28416, networkConnectionEnabled: false, pageLoadStrategy: normal, platformName: windows, proxy: Proxy(), se:cdp: ws://localhost:65119/devtoo..., se:cdpVersion: 147.0.7727.56, setWindowRect: true, strictFileInteractability: false, timeouts: {implicit: 0, pageLoad: 300000, script: 30000}, unhandledPromptBehavior: dismiss and notify, webauthn:extension:credBlob: true, webauthn:extension:largeBlob: true, webauthn:extension:minPinLength: true, webauthn:extension:prf: true, webauthn:virtualAuthenticators: true}
Session ID: 39d0d9165f81035c4de73dc38bb9e16b]]>
            </message>
            <full-stacktrace>
              <![CDATA[org.openqa.selenium.TimeoutException: Expected condition failed: waiting for visibility of element located by By.xpath: //input[contains(@placeholder,'Pick-up') or contains(@aria-label,'Pick-up') or contains(@placeholder,'pickup') or contains(@data-testid,'pickup')] (tried for 25 second(s) with 500 milliseconds interval)
Build info: version: '4.18.1', revision: 'b1d3319b48'
System info: os.name: 'Windows 11', os.arch: 'amd64', os.version: '10.0', java.version: '23.0.1'
Driver info: org.openqa.selenium.chrome.ChromeDriver
Capabilities {acceptInsecureCerts: false, browserName: chrome, browserVersion: 147.0.7727.56, chrome: {chromedriverVersion: 147.0.7727.57 (b4f28b5637d0..., userDataDir: C:\Users\Hp\AppData\Local\T...}, fedcm:accounts: true, goog:chromeOptions: {debuggerAddress: localhost:65119}, goog:processID: 28416, networkConnectionEnabled: false, pageLoadStrategy: normal, platformName: windows, proxy: Proxy(), se:cdp: ws://localhost:65119/devtoo..., se:cdpVersion: 147.0.7727.56, setWindowRect: true, strictFileInteractability: false, timeouts: {implicit: 0, pageLoad: 300000, script: 30000}, unhandledPromptBehavior: dismiss and notify, webauthn:extension:credBlob: true, webauthn:extension:largeBlob: true, webauthn:extension:minPinLength: true, webauthn:extension:prf: true, webauthn:virtualAuthenticators: true}
Session ID: 39d0d9165f81035c4de73dc38bb9e16b
at org.openqa.selenium.support.ui.WebDriverWait.timeoutException(WebDriverWait.java:84)
at org.openqa.selenium.support.ui.FluentWait.until(FluentWait.java:228)
at pages.BasePage.waitForVisible(BasePage.java:30)
at pages.RentalCarsHomePage.enterLocationAndStabilize(RentalCarsHomePage.java:148)
at pages.RentalCarsHomePage.searchCars(RentalCarsHomePage.java:44)
at stepdefinitions.Scenario001RentalCarSearchSteps.userExecutesRentalCarSearchFlowForSC001(Scenario001RentalCarSearchSteps.java:34)
at ✽.user executes rental car search flow for SC001(file:///C:/Users/Hp/Documents/Codex/2026-04-19-files-mentioned-by-the-user-airport/BookingRentalCarsBDD-TestNG/src/test/resources/features/SC001_rental_car_search.feature:5)
]]>
            </full-stacktrace>
          </exception> <!-- org.openqa.selenium.TimeoutException -->
          <reporter-output>
          </reporter-output>
        </test-method> <!-- runScenario -->
        <test-method signature="runScenario(io.cucumber.testng.PickleWrapper,io.cucumber.testng.FeatureWrapper)[pri:0, instance:runners.TestRunner@683dbc2c]" started-at="2026-04-19T16:59:05 IST" name="runScenario" description="Runs Cucumber Scenarios" data-provider="scenarios" finished-at="2026-04-19T17:01:00 IST" duration-ms="115183" status="FAIL">
          <params>
            <param index="0">
              <value>
                <![CDATA["Execute rental cars SC001 testcase TC_002"]]>
              </value>
            </param>
            <param index="1">
              <value>
                <![CDATA["SC001 rental car search validation"]]>
              </value>
            </param>
          </params>
          <exception class="org.openqa.selenium.TimeoutException">
            <message>
              <![CDATA[Expected condition failed: waiting for visibility of element located by By.xpath: //input[contains(@placeholder,'Pick-up') or contains(@aria-label,'Pick-up') or contains(@placeholder,'pickup') or contains(@data-testid,'pickup')] (tried for 25 second(s) with 500 milliseconds interval)
Build info: version: '4.18.1', revision: 'b1d3319b48'
System info: os.name: 'Windows 11', os.arch: 'amd64', os.version: '10.0', java.version: '23.0.1'
Driver info: org.openqa.selenium.chrome.ChromeDriver
Capabilities {acceptInsecureCerts: false, browserName: chrome, browserVersion: 147.0.7727.56, chrome: {chromedriverVersion: 147.0.7727.57 (b4f28b5637d0..., userDataDir: C:\Users\Hp\AppData\Local\T...}, fedcm:accounts: true, goog:chromeOptions: {debuggerAddress: localhost:65120}, goog:processID: 27336, networkConnectionEnabled: false, pageLoadStrategy: normal, platformName: windows, proxy: Proxy(), se:cdp: ws://localhost:65120/devtoo..., se:cdpVersion: 147.0.7727.56, setWindowRect: true, strictFileInteractability: false, timeouts: {implicit: 0, pageLoad: 300000, script: 30000}, unhandledPromptBehavior: dismiss and notify, webauthn:extension:credBlob: true, webauthn:extension:largeBlob: true, webauthn:extension:minPinLength: true, webauthn:extension:prf: true, webauthn:virtualAuthenticators: true}
Session ID: 41af73d7e7428146a21474a70b51ff17]]>
            </message>
            <full-stacktrace>
              <![CDATA[org.openqa.selenium.TimeoutException: Expected condition failed: waiting for visibility of element located by By.xpath: //input[contains(@placeholder,'Pick-up') or contains(@aria-label,'Pick-up') or contains(@placeholder,'pickup') or contains(@data-testid,'pickup')] (tried for 25 second(s) with 500 milliseconds interval)
Build info: version: '4.18.1', revision: 'b1d3319b48'
System info: os.name: 'Windows 11', os.arch: 'amd64', os.version: '10.0', java.version: '23.0.1'
Driver info: org.openqa.selenium.chrome.ChromeDriver
Capabilities {acceptInsecureCerts: false, browserName: chrome, browserVersion: 147.0.7727.56, chrome: {chromedriverVersion: 147.0.7727.57 (b4f28b5637d0..., userDataDir: C:\Users\Hp\AppData\Local\T...}, fedcm:accounts: true, goog:chromeOptions: {debuggerAddress: localhost:65120}, goog:processID: 27336, networkConnectionEnabled: false, pageLoadStrategy: normal, platformName: windows, proxy: Proxy(), se:cdp: ws://localhost:65120/devtoo..., se:cdpVersion: 147.0.7727.56, setWindowRect: true, strictFileInteractability: false, timeouts: {implicit: 0, pageLoad: 300000, script: 30000}, unhandledPromptBehavior: dismiss and notify, webauthn:extension:credBlob: true, webauthn:extension:largeBlob: true, webauthn:extension:minPinLength: true, webauthn:extension:prf: true, webauthn:virtualAuthenticators: true}
Session ID: 41af73d7e7428146a21474a70b51ff17
at org.openqa.selenium.support.ui.WebDriverWait.timeoutException(WebDriverWait.java:84)
at org.openqa.selenium.support.ui.FluentWait.until(FluentWait.java:228)
at pages.BasePage.waitForVisible(BasePage.java:30)
at pages.RentalCarsHomePage.enterLocationAndStabilize(RentalCarsHomePage.java:148)
at pages.RentalCarsHomePage.searchCars(RentalCarsHomePage.java:44)
at stepdefinitions.Scenario001RentalCarSearchSteps.userExecutesRentalCarSearchFlowForSC001(Scenario001RentalCarSearchSteps.java:34)
at ✽.user executes rental car search flow for SC001(file:///C:/Users/Hp/Documents/Codex/2026-04-19-files-mentioned-by-the-user-airport/BookingRentalCarsBDD-TestNG/src/test/resources/features/SC001_rental_car_search.feature:5)
]]>
            </full-stacktrace>
          </exception> <!-- org.openqa.selenium.TimeoutException -->
          <reporter-output>
          </reporter-output>
        </test-method> <!-- runScenario -->
        <test-method signature="runScenario(io.cucumber.testng.PickleWrapper,io.cucumber.testng.FeatureWrapper)[pri:0, instance:runners.TestRunner@683dbc2c]" started-at="2026-04-19T17:00:41 IST" name="runScenario" description="Runs Cucumber Scenarios" data-provider="scenarios" finished-at="2026-04-19T17:01:14 IST" duration-ms="33603" status="FAIL">
          <params>
            <param index="0">
              <value>
                <![CDATA["Execute rental cars SC001 testcase TC_003"]]>
              </value>
            </param>
            <param index="1">
              <value>
                <![CDATA["SC001 rental car search validation"]]>
              </value>
            </param>
          </params>
          <exception class="org.openqa.selenium.TimeoutException">
            <message>
              <![CDATA[Expected condition failed: waiting for visibility of element located by By.xpath: //input[contains(@placeholder,'Pick-up') or contains(@aria-label,'Pick-up') or contains(@placeholder,'pickup') or contains(@data-testid,'pickup')] (tried for 25 second(s) with 500 milliseconds interval)
Build info: version: '4.18.1', revision: 'b1d3319b48'
System info: os.name: 'Windows 11', os.arch: 'amd64', os.version: '10.0', java.version: '23.0.1'
Driver info: org.openqa.selenium.chrome.ChromeDriver
Capabilities {acceptInsecureCerts: false, browserName: chrome, browserVersion: 147.0.7727.56, chrome: {chromedriverVersion: 147.0.7727.57 (b4f28b5637d0..., userDataDir: C:\Users\Hp\AppData\Local\T...}, fedcm:accounts: true, goog:chromeOptions: {debuggerAddress: localhost:65119}, goog:processID: 28416, networkConnectionEnabled: false, pageLoadStrategy: normal, platformName: windows, proxy: Proxy(), se:cdp: ws://localhost:65119/devtoo..., se:cdpVersion: 147.0.7727.56, setWindowRect: true, strictFileInteractability: false, timeouts: {implicit: 0, pageLoad: 300000, script: 30000}, unhandledPromptBehavior: dismiss and notify, webauthn:extension:credBlob: true, webauthn:extension:largeBlob: true, webauthn:extension:minPinLength: true, webauthn:extension:prf: true, webauthn:virtualAuthenticators: true}
Session ID: 39d0d9165f81035c4de73dc38bb9e16b]]>
            </message>
            <full-stacktrace>
              <![CDATA[org.openqa.selenium.TimeoutException: Expected condition failed: waiting for visibility of element located by By.xpath: //input[contains(@placeholder,'Pick-up') or contains(@aria-label,'Pick-up') or contains(@placeholder,'pickup') or contains(@data-testid,'pickup')] (tried for 25 second(s) with 500 milliseconds interval)
Build info: version: '4.18.1', revision: 'b1d3319b48'
System info: os.name: 'Windows 11', os.arch: 'amd64', os.version: '10.0', java.version: '23.0.1'
Driver info: org.openqa.selenium.chrome.ChromeDriver
Capabilities {acceptInsecureCerts: false, browserName: chrome, browserVersion: 147.0.7727.56, chrome: {chromedriverVersion: 147.0.7727.57 (b4f28b5637d0..., userDataDir: C:\Users\Hp\AppData\Local\T...}, fedcm:accounts: true, goog:chromeOptions: {debuggerAddress: localhost:65119}, goog:processID: 28416, networkConnectionEnabled: false, pageLoadStrategy: normal, platformName: windows, proxy: Proxy(), se:cdp: ws://localhost:65119/devtoo..., se:cdpVersion: 147.0.7727.56, setWindowRect: true, strictFileInteractability: false, timeouts: {implicit: 0, pageLoad: 300000, script: 30000}, unhandledPromptBehavior: dismiss and notify, webauthn:extension:credBlob: true, webauthn:extension:largeBlob: true, webauthn:extension:minPinLength: true, webauthn:extension:prf: true, webauthn:virtualAuthenticators: true}
Session ID: 39d0d9165f81035c4de73dc38bb9e16b
at org.openqa.selenium.support.ui.WebDriverWait.timeoutException(WebDriverWait.java:84)
at org.openqa.selenium.support.ui.FluentWait.until(FluentWait.java:228)
at pages.BasePage.waitForVisible(BasePage.java:30)
at pages.RentalCarsHomePage.enterLocationAndStabilize(RentalCarsHomePage.java:148)
at pages.RentalCarsHomePage.searchCars(RentalCarsHomePage.java:44)
at stepdefinitions.Scenario001RentalCarSearchSteps.userExecutesRentalCarSearchFlowForSC001(Scenario001RentalCarSearchSteps.java:34)
at ✽.user executes rental car search flow for SC001(file:///C:/Users/Hp/Documents/Codex/2026-04-19-files-mentioned-by-the-user-airport/BookingRentalCarsBDD-TestNG/src/test/resources/features/SC001_rental_car_search.feature:5)
]]>
            </full-stacktrace>
          </exception> <!-- org.openqa.selenium.TimeoutException -->
          <reporter-output>
          </reporter-output>
        </test-method> <!-- runScenario -->
        <test-method signature="runScenario(io.cucumber.testng.PickleWrapper,io.cucumber.testng.FeatureWrapper)[pri:0, instance:runners.TestRunner@683dbc2c]" started-at="2026-04-19T17:01:00 IST" name="runScenario" description="Runs Cucumber Scenarios" data-provider="scenarios" finished-at="2026-04-19T17:01:04 IST" duration-ms="4656" status="PASS">
          <params>
            <param index="0">
              <value>
                <![CDATA["Execute rental cars SC001 testcase TC_004"]]>
              </value>
            </param>
            <param index="1">
              <value>
                <![CDATA["SC001 rental car search validation"]]>
              </value>
            </param>
          </params>
          <reporter-output>
          </reporter-output>
        </test-method> <!-- runScenario -->
        <test-method signature="runScenario(io.cucumber.testng.PickleWrapper,io.cucumber.testng.FeatureWrapper)[pri:0, instance:runners.TestRunner@683dbc2c]" started-at="2026-04-19T17:01:04 IST" name="runScenario" description="Runs Cucumber Scenarios" data-provider="scenarios" finished-at="2026-04-19T17:01:34 IST" duration-ms="30023" status="FAIL">
          <params>
            <param index="0">
              <value>
                <![CDATA["Execute rental cars SC002 testcase TC_005"]]>
              </value>
            </param>
            <param index="1">
              <value>
                <![CDATA["SC002 rental car results and navigation"]]>
              </value>
            </param>
          </params>
          <exception class="org.openqa.selenium.TimeoutException">
            <message>
              <![CDATA[Expected condition failed: waiting for visibility of element located by By.xpath: //input[contains(@placeholder,'Pick-up') or contains(@aria-label,'Pick-up') or contains(@placeholder,'pickup') or contains(@data-testid,'pickup')] (tried for 25 second(s) with 500 milliseconds interval)
Build info: version: '4.18.1', revision: 'b1d3319b48'
System info: os.name: 'Windows 11', os.arch: 'amd64', os.version: '10.0', java.version: '23.0.1'
Driver info: org.openqa.selenium.chrome.ChromeDriver
Capabilities {acceptInsecureCerts: false, browserName: chrome, browserVersion: 147.0.7727.56, chrome: {chromedriverVersion: 147.0.7727.57 (b4f28b5637d0..., userDataDir: C:\Users\Hp\AppData\Local\T...}, fedcm:accounts: true, goog:chromeOptions: {debuggerAddress: localhost:65120}, goog:processID: 27336, networkConnectionEnabled: false, pageLoadStrategy: normal, platformName: windows, proxy: Proxy(), se:cdp: ws://localhost:65120/devtoo..., se:cdpVersion: 147.0.7727.56, setWindowRect: true, strictFileInteractability: false, timeouts: {implicit: 0, pageLoad: 300000, script: 30000}, unhandledPromptBehavior: dismiss and notify, webauthn:extension:credBlob: true, webauthn:extension:largeBlob: true, webauthn:extension:minPinLength: true, webauthn:extension:prf: true, webauthn:virtualAuthenticators: true}
Session ID: 41af73d7e7428146a21474a70b51ff17]]>
            </message>
            <full-stacktrace>
              <![CDATA[org.openqa.selenium.TimeoutException: Expected condition failed: waiting for visibility of element located by By.xpath: //input[contains(@placeholder,'Pick-up') or contains(@aria-label,'Pick-up') or contains(@placeholder,'pickup') or contains(@data-testid,'pickup')] (tried for 25 second(s) with 500 milliseconds interval)
Build info: version: '4.18.1', revision: 'b1d3319b48'
System info: os.name: 'Windows 11', os.arch: 'amd64', os.version: '10.0', java.version: '23.0.1'
Driver info: org.openqa.selenium.chrome.ChromeDriver
Capabilities {acceptInsecureCerts: false, browserName: chrome, browserVersion: 147.0.7727.56, chrome: {chromedriverVersion: 147.0.7727.57 (b4f28b5637d0..., userDataDir: C:\Users\Hp\AppData\Local\T...}, fedcm:accounts: true, goog:chromeOptions: {debuggerAddress: localhost:65120}, goog:processID: 27336, networkConnectionEnabled: false, pageLoadStrategy: normal, platformName: windows, proxy: Proxy(), se:cdp: ws://localhost:65120/devtoo..., se:cdpVersion: 147.0.7727.56, setWindowRect: true, strictFileInteractability: false, timeouts: {implicit: 0, pageLoad: 300000, script: 30000}, unhandledPromptBehavior: dismiss and notify, webauthn:extension:credBlob: true, webauthn:extension:largeBlob: true, webauthn:extension:minPinLength: true, webauthn:extension:prf: true, webauthn:virtualAuthenticators: true}
Session ID: 41af73d7e7428146a21474a70b51ff17
at org.openqa.selenium.support.ui.WebDriverWait.timeoutException(WebDriverWait.java:84)
at org.openqa.selenium.support.ui.FluentWait.until(FluentWait.java:228)
at pages.BasePage.waitForVisible(BasePage.java:30)
at pages.RentalCarsHomePage.enterLocationAndStabilize(RentalCarsHomePage.java:148)
at pages.RentalCarsHomePage.searchCars(RentalCarsHomePage.java:44)
at stepdefinitions.Scenario002RentalCarResultsSteps.userExecutesRentalCarResultsFlowForSC002(Scenario002RentalCarResultsSteps.java:34)
at ✽.user executes rental car results flow for SC002(file:///C:/Users/Hp/Documents/Codex/2026-04-19-files-mentioned-by-the-user-airport/BookingRentalCarsBDD-TestNG/src/test/resources/features/SC002_rental_car_results.feature:5)
]]>
            </full-stacktrace>
          </exception> <!-- org.openqa.selenium.TimeoutException -->
          <reporter-output>
          </reporter-output>
        </test-method> <!-- runScenario -->
        <test-method signature="runScenario(io.cucumber.testng.PickleWrapper,io.cucumber.testng.FeatureWrapper)[pri:0, instance:runners.TestRunner@683dbc2c]" started-at="2026-04-19T17:01:14 IST" name="runScenario" description="Runs Cucumber Scenarios" data-provider="scenarios" finished-at="2026-04-19T17:01:48 IST" duration-ms="33411" status="FAIL">
          <params>
            <param index="0">
              <value>
                <![CDATA["Execute rental cars SC002 testcase TC_006"]]>
              </value>
            </param>
            <param index="1">
              <value>
                <![CDATA["SC002 rental car results and navigation"]]>
              </value>
            </param>
          </params>
          <exception class="org.openqa.selenium.TimeoutException">
            <message>
              <![CDATA[Expected condition failed: waiting for visibility of element located by By.xpath: //input[contains(@placeholder,'Pick-up') or contains(@aria-label,'Pick-up') or contains(@placeholder,'pickup') or contains(@data-testid,'pickup')] (tried for 25 second(s) with 500 milliseconds interval)
Build info: version: '4.18.1', revision: 'b1d3319b48'
System info: os.name: 'Windows 11', os.arch: 'amd64', os.version: '10.0', java.version: '23.0.1'
Driver info: org.openqa.selenium.chrome.ChromeDriver
Capabilities {acceptInsecureCerts: false, browserName: chrome, browserVersion: 147.0.7727.56, chrome: {chromedriverVersion: 147.0.7727.57 (b4f28b5637d0..., userDataDir: C:\Users\Hp\AppData\Local\T...}, fedcm:accounts: true, goog:chromeOptions: {debuggerAddress: localhost:65119}, goog:processID: 28416, networkConnectionEnabled: false, pageLoadStrategy: normal, platformName: windows, proxy: Proxy(), se:cdp: ws://localhost:65119/devtoo..., se:cdpVersion: 147.0.7727.56, setWindowRect: true, strictFileInteractability: false, timeouts: {implicit: 0, pageLoad: 300000, script: 30000}, unhandledPromptBehavior: dismiss and notify, webauthn:extension:credBlob: true, webauthn:extension:largeBlob: true, webauthn:extension:minPinLength: true, webauthn:extension:prf: true, webauthn:virtualAuthenticators: true}
Session ID: 39d0d9165f81035c4de73dc38bb9e16b]]>
            </message>
            <full-stacktrace>
              <![CDATA[org.openqa.selenium.TimeoutException: Expected condition failed: waiting for visibility of element located by By.xpath: //input[contains(@placeholder,'Pick-up') or contains(@aria-label,'Pick-up') or contains(@placeholder,'pickup') or contains(@data-testid,'pickup')] (tried for 25 second(s) with 500 milliseconds interval)
Build info: version: '4.18.1', revision: 'b1d3319b48'
System info: os.name: 'Windows 11', os.arch: 'amd64', os.version: '10.0', java.version: '23.0.1'
Driver info: org.openqa.selenium.chrome.ChromeDriver
Capabilities {acceptInsecureCerts: false, browserName: chrome, browserVersion: 147.0.7727.56, chrome: {chromedriverVersion: 147.0.7727.57 (b4f28b5637d0..., userDataDir: C:\Users\Hp\AppData\Local\T...}, fedcm:accounts: true, goog:chromeOptions: {debuggerAddress: localhost:65119}, goog:processID: 28416, networkConnectionEnabled: false, pageLoadStrategy: normal, platformName: windows, proxy: Proxy(), se:cdp: ws://localhost:65119/devtoo..., se:cdpVersion: 147.0.7727.56, setWindowRect: true, strictFileInteractability: false, timeouts: {implicit: 0, pageLoad: 300000, script: 30000}, unhandledPromptBehavior: dismiss and notify, webauthn:extension:credBlob: true, webauthn:extension:largeBlob: true, webauthn:extension:minPinLength: true, webauthn:extension:prf: true, webauthn:virtualAuthenticators: true}
Session ID: 39d0d9165f81035c4de73dc38bb9e16b
at org.openqa.selenium.support.ui.WebDriverWait.timeoutException(WebDriverWait.java:84)
at org.openqa.selenium.support.ui.FluentWait.until(FluentWait.java:228)
at pages.BasePage.waitForVisible(BasePage.java:30)
at pages.RentalCarsHomePage.enterLocationAndStabilize(RentalCarsHomePage.java:148)
at pages.RentalCarsHomePage.searchCars(RentalCarsHomePage.java:44)
at stepdefinitions.Scenario002RentalCarResultsSteps.userExecutesRentalCarResultsFlowForSC002(Scenario002RentalCarResultsSteps.java:34)
at ✽.user executes rental car results flow for SC002(file:///C:/Users/Hp/Documents/Codex/2026-04-19-files-mentioned-by-the-user-airport/BookingRentalCarsBDD-TestNG/src/test/resources/features/SC002_rental_car_results.feature:5)
]]>
            </full-stacktrace>
          </exception> <!-- org.openqa.selenium.TimeoutException -->
          <reporter-output>
          </reporter-output>
        </test-method> <!-- runScenario -->
        <test-method signature="runScenario(io.cucumber.testng.PickleWrapper,io.cucumber.testng.FeatureWrapper)[pri:0, instance:runners.TestRunner@683dbc2c]" started-at="2026-04-19T17:01:34 IST" name="runScenario" description="Runs Cucumber Scenarios" data-provider="scenarios" finished-at="2026-04-19T17:02:07 IST" duration-ms="32924" status="FAIL">
          <params>
            <param index="0">
              <value>
                <![CDATA["Execute rental cars SC002 testcase TC_007"]]>
              </value>
            </param>
            <param index="1">
              <value>
                <![CDATA["SC002 rental car results and navigation"]]>
              </value>
            </param>
          </params>
          <exception class="org.openqa.selenium.TimeoutException">
            <message>
              <![CDATA[Expected condition failed: waiting for visibility of element located by By.xpath: //input[contains(@placeholder,'Pick-up') or contains(@aria-label,'Pick-up') or contains(@placeholder,'pickup') or contains(@data-testid,'pickup')] (tried for 25 second(s) with 500 milliseconds interval)
Build info: version: '4.18.1', revision: 'b1d3319b48'
System info: os.name: 'Windows 11', os.arch: 'amd64', os.version: '10.0', java.version: '23.0.1'
Driver info: org.openqa.selenium.chrome.ChromeDriver
Capabilities {acceptInsecureCerts: false, browserName: chrome, browserVersion: 147.0.7727.56, chrome: {chromedriverVersion: 147.0.7727.57 (b4f28b5637d0..., userDataDir: C:\Users\Hp\AppData\Local\T...}, fedcm:accounts: true, goog:chromeOptions: {debuggerAddress: localhost:65120}, goog:processID: 27336, networkConnectionEnabled: false, pageLoadStrategy: normal, platformName: windows, proxy: Proxy(), se:cdp: ws://localhost:65120/devtoo..., se:cdpVersion: 147.0.7727.56, setWindowRect: true, strictFileInteractability: false, timeouts: {implicit: 0, pageLoad: 300000, script: 30000}, unhandledPromptBehavior: dismiss and notify, webauthn:extension:credBlob: true, webauthn:extension:largeBlob: true, webauthn:extension:minPinLength: true, webauthn:extension:prf: true, webauthn:virtualAuthenticators: true}
Session ID: 41af73d7e7428146a21474a70b51ff17]]>
            </message>
            <full-stacktrace>
              <![CDATA[org.openqa.selenium.TimeoutException: Expected condition failed: waiting for visibility of element located by By.xpath: //input[contains(@placeholder,'Pick-up') or contains(@aria-label,'Pick-up') or contains(@placeholder,'pickup') or contains(@data-testid,'pickup')] (tried for 25 second(s) with 500 milliseconds interval)
Build info: version: '4.18.1', revision: 'b1d3319b48'
System info: os.name: 'Windows 11', os.arch: 'amd64', os.version: '10.0', java.version: '23.0.1'
Driver info: org.openqa.selenium.chrome.ChromeDriver
Capabilities {acceptInsecureCerts: false, browserName: chrome, browserVersion: 147.0.7727.56, chrome: {chromedriverVersion: 147.0.7727.57 (b4f28b5637d0..., userDataDir: C:\Users\Hp\AppData\Local\T...}, fedcm:accounts: true, goog:chromeOptions: {debuggerAddress: localhost:65120}, goog:processID: 27336, networkConnectionEnabled: false, pageLoadStrategy: normal, platformName: windows, proxy: Proxy(), se:cdp: ws://localhost:65120/devtoo..., se:cdpVersion: 147.0.7727.56, setWindowRect: true, strictFileInteractability: false, timeouts: {implicit: 0, pageLoad: 300000, script: 30000}, unhandledPromptBehavior: dismiss and notify, webauthn:extension:credBlob: true, webauthn:extension:largeBlob: true, webauthn:extension:minPinLength: true, webauthn:extension:prf: true, webauthn:virtualAuthenticators: true}
Session ID: 41af73d7e7428146a21474a70b51ff17
at org.openqa.selenium.support.ui.WebDriverWait.timeoutException(WebDriverWait.java:84)
at org.openqa.selenium.support.ui.FluentWait.until(FluentWait.java:228)
at pages.BasePage.waitForVisible(BasePage.java:30)
at pages.RentalCarsHomePage.enterLocationAndStabilize(RentalCarsHomePage.java:148)
at pages.RentalCarsHomePage.searchCars(RentalCarsHomePage.java:44)
at stepdefinitions.Scenario002RentalCarResultsSteps.userExecutesRentalCarResultsFlowForSC002(Scenario002RentalCarResultsSteps.java:34)
at ✽.user executes rental car results flow for SC002(file:///C:/Users/Hp/Documents/Codex/2026-04-19-files-mentioned-by-the-user-airport/BookingRentalCarsBDD-TestNG/src/test/resources/features/SC002_rental_car_results.feature:5)
]]>
            </full-stacktrace>
          </exception> <!-- org.openqa.selenium.TimeoutException -->
          <reporter-output>
          </reporter-output>
        </test-method> <!-- runScenario -->
        <test-method signature="runScenario(io.cucumber.testng.PickleWrapper,io.cucumber.testng.FeatureWrapper)[pri:0, instance:runners.TestRunner@683dbc2c]" started-at="2026-04-19T17:01:48 IST" name="runScenario" description="Runs Cucumber Scenarios" data-provider="scenarios" finished-at="2026-04-19T17:02:20 IST" duration-ms="32607" status="FAIL">
          <params>
            <param index="0">
              <value>
                <![CDATA["Execute rental cars SC002 testcase TC_008"]]>
              </value>
            </param>
            <param index="1">
              <value>
                <![CDATA["SC002 rental car results and navigation"]]>
              </value>
            </param>
          </params>
          <exception class="org.openqa.selenium.TimeoutException">
            <message>
              <![CDATA[Expected condition failed: waiting for visibility of element located by By.xpath: //input[contains(@placeholder,'Pick-up') or contains(@aria-label,'Pick-up') or contains(@placeholder,'pickup') or contains(@data-testid,'pickup')] (tried for 25 second(s) with 500 milliseconds interval)
Build info: version: '4.18.1', revision: 'b1d3319b48'
System info: os.name: 'Windows 11', os.arch: 'amd64', os.version: '10.0', java.version: '23.0.1'
Driver info: org.openqa.selenium.chrome.ChromeDriver
Capabilities {acceptInsecureCerts: false, browserName: chrome, browserVersion: 147.0.7727.56, chrome: {chromedriverVersion: 147.0.7727.57 (b4f28b5637d0..., userDataDir: C:\Users\Hp\AppData\Local\T...}, fedcm:accounts: true, goog:chromeOptions: {debuggerAddress: localhost:65119}, goog:processID: 28416, networkConnectionEnabled: false, pageLoadStrategy: normal, platformName: windows, proxy: Proxy(), se:cdp: ws://localhost:65119/devtoo..., se:cdpVersion: 147.0.7727.56, setWindowRect: true, strictFileInteractability: false, timeouts: {implicit: 0, pageLoad: 300000, script: 30000}, unhandledPromptBehavior: dismiss and notify, webauthn:extension:credBlob: true, webauthn:extension:largeBlob: true, webauthn:extension:minPinLength: true, webauthn:extension:prf: true, webauthn:virtualAuthenticators: true}
Session ID: 39d0d9165f81035c4de73dc38bb9e16b]]>
            </message>
            <full-stacktrace>
              <![CDATA[org.openqa.selenium.TimeoutException: Expected condition failed: waiting for visibility of element located by By.xpath: //input[contains(@placeholder,'Pick-up') or contains(@aria-label,'Pick-up') or contains(@placeholder,'pickup') or contains(@data-testid,'pickup')] (tried for 25 second(s) with 500 milliseconds interval)
Build info: version: '4.18.1', revision: 'b1d3319b48'
System info: os.name: 'Windows 11', os.arch: 'amd64', os.version: '10.0', java.version: '23.0.1'
Driver info: org.openqa.selenium.chrome.ChromeDriver
Capabilities {acceptInsecureCerts: false, browserName: chrome, browserVersion: 147.0.7727.56, chrome: {chromedriverVersion: 147.0.7727.57 (b4f28b5637d0..., userDataDir: C:\Users\Hp\AppData\Local\T...}, fedcm:accounts: true, goog:chromeOptions: {debuggerAddress: localhost:65119}, goog:processID: 28416, networkConnectionEnabled: false, pageLoadStrategy: normal, platformName: windows, proxy: Proxy(), se:cdp: ws://localhost:65119/devtoo..., se:cdpVersion: 147.0.7727.56, setWindowRect: true, strictFileInteractability: false, timeouts: {implicit: 0, pageLoad: 300000, script: 30000}, unhandledPromptBehavior: dismiss and notify, webauthn:extension:credBlob: true, webauthn:extension:largeBlob: true, webauthn:extension:minPinLength: true, webauthn:extension:prf: true, webauthn:virtualAuthenticators: true}
Session ID: 39d0d9165f81035c4de73dc38bb9e16b
at org.openqa.selenium.support.ui.WebDriverWait.timeoutException(WebDriverWait.java:84)
at org.openqa.selenium.support.ui.FluentWait.until(FluentWait.java:228)
at pages.BasePage.waitForVisible(BasePage.java:30)
at pages.RentalCarsHomePage.enterLocationAndStabilize(RentalCarsHomePage.java:148)
at pages.RentalCarsHomePage.searchCars(RentalCarsHomePage.java:44)
at stepdefinitions.Scenario002RentalCarResultsSteps.userExecutesRentalCarResultsFlowForSC002(Scenario002RentalCarResultsSteps.java:34)
at ✽.user executes rental car results flow for SC002(file:///C:/Users/Hp/Documents/Codex/2026-04-19-files-mentioned-by-the-user-airport/BookingRentalCarsBDD-TestNG/src/test/resources/features/SC002_rental_car_results.feature:5)
]]>
            </full-stacktrace>
          </exception> <!-- org.openqa.selenium.TimeoutException -->
          <reporter-output>
          </reporter-output>
        </test-method> <!-- runScenario -->
        <test-method signature="runScenario(io.cucumber.testng.PickleWrapper,io.cucumber.testng.FeatureWrapper)[pri:0, instance:runners.TestRunner@683dbc2c]" started-at="2026-04-19T17:02:07 IST" name="runScenario" description="Runs Cucumber Scenarios" data-provider="scenarios" finished-at="2026-04-19T17:02:39 IST" duration-ms="31813" status="FAIL">
          <params>
            <param index="0">
              <value>
                <![CDATA["Execute rental cars SC003 testcase TC_009"]]>
              </value>
            </param>
            <param index="1">
              <value>
                <![CDATA["SC003 rental car result filters"]]>
              </value>
            </param>
          </params>
          <exception class="org.openqa.selenium.TimeoutException">
            <message>
              <![CDATA[Expected condition failed: waiting for visibility of element located by By.xpath: //input[contains(@placeholder,'Pick-up') or contains(@aria-label,'Pick-up') or contains(@placeholder,'pickup') or contains(@data-testid,'pickup')] (tried for 25 second(s) with 500 milliseconds interval)
Build info: version: '4.18.1', revision: 'b1d3319b48'
System info: os.name: 'Windows 11', os.arch: 'amd64', os.version: '10.0', java.version: '23.0.1'
Driver info: org.openqa.selenium.chrome.ChromeDriver
Capabilities {acceptInsecureCerts: false, browserName: chrome, browserVersion: 147.0.7727.56, chrome: {chromedriverVersion: 147.0.7727.57 (b4f28b5637d0..., userDataDir: C:\Users\Hp\AppData\Local\T...}, fedcm:accounts: true, goog:chromeOptions: {debuggerAddress: localhost:65120}, goog:processID: 27336, networkConnectionEnabled: false, pageLoadStrategy: normal, platformName: windows, proxy: Proxy(), se:cdp: ws://localhost:65120/devtoo..., se:cdpVersion: 147.0.7727.56, setWindowRect: true, strictFileInteractability: false, timeouts: {implicit: 0, pageLoad: 300000, script: 30000}, unhandledPromptBehavior: dismiss and notify, webauthn:extension:credBlob: true, webauthn:extension:largeBlob: true, webauthn:extension:minPinLength: true, webauthn:extension:prf: true, webauthn:virtualAuthenticators: true}
Session ID: 41af73d7e7428146a21474a70b51ff17]]>
            </message>
            <full-stacktrace>
              <![CDATA[org.openqa.selenium.TimeoutException: Expected condition failed: waiting for visibility of element located by By.xpath: //input[contains(@placeholder,'Pick-up') or contains(@aria-label,'Pick-up') or contains(@placeholder,'pickup') or contains(@data-testid,'pickup')] (tried for 25 second(s) with 500 milliseconds interval)
Build info: version: '4.18.1', revision: 'b1d3319b48'
System info: os.name: 'Windows 11', os.arch: 'amd64', os.version: '10.0', java.version: '23.0.1'
Driver info: org.openqa.selenium.chrome.ChromeDriver
Capabilities {acceptInsecureCerts: false, browserName: chrome, browserVersion: 147.0.7727.56, chrome: {chromedriverVersion: 147.0.7727.57 (b4f28b5637d0..., userDataDir: C:\Users\Hp\AppData\Local\T...}, fedcm:accounts: true, goog:chromeOptions: {debuggerAddress: localhost:65120}, goog:processID: 27336, networkConnectionEnabled: false, pageLoadStrategy: normal, platformName: windows, proxy: Proxy(), se:cdp: ws://localhost:65120/devtoo..., se:cdpVersion: 147.0.7727.56, setWindowRect: true, strictFileInteractability: false, timeouts: {implicit: 0, pageLoad: 300000, script: 30000}, unhandledPromptBehavior: dismiss and notify, webauthn:extension:credBlob: true, webauthn:extension:largeBlob: true, webauthn:extension:minPinLength: true, webauthn:extension:prf: true, webauthn:virtualAuthenticators: true}
Session ID: 41af73d7e7428146a21474a70b51ff17
at org.openqa.selenium.support.ui.WebDriverWait.timeoutException(WebDriverWait.java:84)
at org.openqa.selenium.support.ui.FluentWait.until(FluentWait.java:228)
at pages.BasePage.waitForVisible(BasePage.java:30)
at pages.RentalCarsHomePage.enterLocationAndStabilize(RentalCarsHomePage.java:148)
at pages.RentalCarsHomePage.searchCars(RentalCarsHomePage.java:44)
at stepdefinitions.Scenario003RentalCarFiltersSteps.userPreparesRentalCarsSC003ScenarioWithTestCase(Scenario003RentalCarFiltersSteps.java:30)
at ✽.user prepares rental cars SC003 scenario with test case "TC_009"(file:///C:/Users/Hp/Documents/Codex/2026-04-19-files-mentioned-by-the-user-airport/BookingRentalCarsBDD-TestNG/src/test/resources/features/SC003_rental_car_filters.feature:4)
]]>
            </full-stacktrace>
          </exception> <!-- org.openqa.selenium.TimeoutException -->
          <reporter-output>
          </reporter-output>
        </test-method> <!-- runScenario -->
        <test-method signature="runScenario(io.cucumber.testng.PickleWrapper,io.cucumber.testng.FeatureWrapper)[pri:0, instance:runners.TestRunner@683dbc2c]" started-at="2026-04-19T17:02:20 IST" name="runScenario" description="Runs Cucumber Scenarios" data-provider="scenarios" finished-at="2026-04-19T17:02:53 IST" duration-ms="32827" status="FAIL">
          <params>
            <param index="0">
              <value>
                <![CDATA["Execute rental cars SC003 testcase TC_010"]]>
              </value>
            </param>
            <param index="1">
              <value>
                <![CDATA["SC003 rental car result filters"]]>
              </value>
            </param>
          </params>
          <exception class="org.openqa.selenium.TimeoutException">
            <message>
              <![CDATA[Expected condition failed: waiting for visibility of element located by By.xpath: //input[contains(@placeholder,'Pick-up') or contains(@aria-label,'Pick-up') or contains(@placeholder,'pickup') or contains(@data-testid,'pickup')] (tried for 25 second(s) with 500 milliseconds interval)
Build info: version: '4.18.1', revision: 'b1d3319b48'
System info: os.name: 'Windows 11', os.arch: 'amd64', os.version: '10.0', java.version: '23.0.1'
Driver info: org.openqa.selenium.chrome.ChromeDriver
Capabilities {acceptInsecureCerts: false, browserName: chrome, browserVersion: 147.0.7727.56, chrome: {chromedriverVersion: 147.0.7727.57 (b4f28b5637d0..., userDataDir: C:\Users\Hp\AppData\Local\T...}, fedcm:accounts: true, goog:chromeOptions: {debuggerAddress: localhost:65119}, goog:processID: 28416, networkConnectionEnabled: false, pageLoadStrategy: normal, platformName: windows, proxy: Proxy(), se:cdp: ws://localhost:65119/devtoo..., se:cdpVersion: 147.0.7727.56, setWindowRect: true, strictFileInteractability: false, timeouts: {implicit: 0, pageLoad: 300000, script: 30000}, unhandledPromptBehavior: dismiss and notify, webauthn:extension:credBlob: true, webauthn:extension:largeBlob: true, webauthn:extension:minPinLength: true, webauthn:extension:prf: true, webauthn:virtualAuthenticators: true}
Session ID: 39d0d9165f81035c4de73dc38bb9e16b]]>
            </message>
            <full-stacktrace>
              <![CDATA[org.openqa.selenium.TimeoutException: Expected condition failed: waiting for visibility of element located by By.xpath: //input[contains(@placeholder,'Pick-up') or contains(@aria-label,'Pick-up') or contains(@placeholder,'pickup') or contains(@data-testid,'pickup')] (tried for 25 second(s) with 500 milliseconds interval)
Build info: version: '4.18.1', revision: 'b1d3319b48'
System info: os.name: 'Windows 11', os.arch: 'amd64', os.version: '10.0', java.version: '23.0.1'
Driver info: org.openqa.selenium.chrome.ChromeDriver
Capabilities {acceptInsecureCerts: false, browserName: chrome, browserVersion: 147.0.7727.56, chrome: {chromedriverVersion: 147.0.7727.57 (b4f28b5637d0..., userDataDir: C:\Users\Hp\AppData\Local\T...}, fedcm:accounts: true, goog:chromeOptions: {debuggerAddress: localhost:65119}, goog:processID: 28416, networkConnectionEnabled: false, pageLoadStrategy: normal, platformName: windows, proxy: Proxy(), se:cdp: ws://localhost:65119/devtoo..., se:cdpVersion: 147.0.7727.56, setWindowRect: true, strictFileInteractability: false, timeouts: {implicit: 0, pageLoad: 300000, script: 30000}, unhandledPromptBehavior: dismiss and notify, webauthn:extension:credBlob: true, webauthn:extension:largeBlob: true, webauthn:extension:minPinLength: true, webauthn:extension:prf: true, webauthn:virtualAuthenticators: true}
Session ID: 39d0d9165f81035c4de73dc38bb9e16b
at org.openqa.selenium.support.ui.WebDriverWait.timeoutException(WebDriverWait.java:84)
at org.openqa.selenium.support.ui.FluentWait.until(FluentWait.java:228)
at pages.BasePage.waitForVisible(BasePage.java:30)
at pages.RentalCarsHomePage.enterLocationAndStabilize(RentalCarsHomePage.java:148)
at pages.RentalCarsHomePage.searchCars(RentalCarsHomePage.java:44)
at stepdefinitions.Scenario003RentalCarFiltersSteps.userPreparesRentalCarsSC003ScenarioWithTestCase(Scenario003RentalCarFiltersSteps.java:30)
at ✽.user prepares rental cars SC003 scenario with test case "TC_010"(file:///C:/Users/Hp/Documents/Codex/2026-04-19-files-mentioned-by-the-user-airport/BookingRentalCarsBDD-TestNG/src/test/resources/features/SC003_rental_car_filters.feature:4)
]]>
            </full-stacktrace>
          </exception> <!-- org.openqa.selenium.TimeoutException -->
          <reporter-output>
          </reporter-output>
        </test-method> <!-- runScenario -->
        <test-method signature="runScenario(io.cucumber.testng.PickleWrapper,io.cucumber.testng.FeatureWrapper)[pri:0, instance:runners.TestRunner@683dbc2c]" started-at="2026-04-19T17:02:39 IST" name="runScenario" description="Runs Cucumber Scenarios" data-provider="scenarios" finished-at="2026-04-19T17:03:12 IST" duration-ms="32404" status="FAIL">
          <params>
            <param index="0">
              <value>
                <![CDATA["Execute rental cars SC003 testcase TC_011"]]>
              </value>
            </param>
            <param index="1">
              <value>
                <![CDATA["SC003 rental car result filters"]]>
              </value>
            </param>
          </params>
          <exception class="org.openqa.selenium.TimeoutException">
            <message>
              <![CDATA[Expected condition failed: waiting for visibility of element located by By.xpath: //input[contains(@placeholder,'Pick-up') or contains(@aria-label,'Pick-up') or contains(@placeholder,'pickup') or contains(@data-testid,'pickup')] (tried for 25 second(s) with 500 milliseconds interval)
Build info: version: '4.18.1', revision: 'b1d3319b48'
System info: os.name: 'Windows 11', os.arch: 'amd64', os.version: '10.0', java.version: '23.0.1'
Driver info: org.openqa.selenium.chrome.ChromeDriver
Capabilities {acceptInsecureCerts: false, browserName: chrome, browserVersion: 147.0.7727.56, chrome: {chromedriverVersion: 147.0.7727.57 (b4f28b5637d0..., userDataDir: C:\Users\Hp\AppData\Local\T...}, fedcm:accounts: true, goog:chromeOptions: {debuggerAddress: localhost:65120}, goog:processID: 27336, networkConnectionEnabled: false, pageLoadStrategy: normal, platformName: windows, proxy: Proxy(), se:cdp: ws://localhost:65120/devtoo..., se:cdpVersion: 147.0.7727.56, setWindowRect: true, strictFileInteractability: false, timeouts: {implicit: 0, pageLoad: 300000, script: 30000}, unhandledPromptBehavior: dismiss and notify, webauthn:extension:credBlob: true, webauthn:extension:largeBlob: true, webauthn:extension:minPinLength: true, webauthn:extension:prf: true, webauthn:virtualAuthenticators: true}
Session ID: 41af73d7e7428146a21474a70b51ff17]]>
            </message>
            <full-stacktrace>
              <![CDATA[org.openqa.selenium.TimeoutException: Expected condition failed: waiting for visibility of element located by By.xpath: //input[contains(@placeholder,'Pick-up') or contains(@aria-label,'Pick-up') or contains(@placeholder,'pickup') or contains(@data-testid,'pickup')] (tried for 25 second(s) with 500 milliseconds interval)
Build info: version: '4.18.1', revision: 'b1d3319b48'
System info: os.name: 'Windows 11', os.arch: 'amd64', os.version: '10.0', java.version: '23.0.1'
Driver info: org.openqa.selenium.chrome.ChromeDriver
Capabilities {acceptInsecureCerts: false, browserName: chrome, browserVersion: 147.0.7727.56, chrome: {chromedriverVersion: 147.0.7727.57 (b4f28b5637d0..., userDataDir: C:\Users\Hp\AppData\Local\T...}, fedcm:accounts: true, goog:chromeOptions: {debuggerAddress: localhost:65120}, goog:processID: 27336, networkConnectionEnabled: false, pageLoadStrategy: normal, platformName: windows, proxy: Proxy(), se:cdp: ws://localhost:65120/devtoo..., se:cdpVersion: 147.0.7727.56, setWindowRect: true, strictFileInteractability: false, timeouts: {implicit: 0, pageLoad: 300000, script: 30000}, unhandledPromptBehavior: dismiss and notify, webauthn:extension:credBlob: true, webauthn:extension:largeBlob: true, webauthn:extension:minPinLength: true, webauthn:extension:prf: true, webauthn:virtualAuthenticators: true}
Session ID: 41af73d7e7428146a21474a70b51ff17
at org.openqa.selenium.support.ui.WebDriverWait.timeoutException(WebDriverWait.java:84)
at org.openqa.selenium.support.ui.FluentWait.until(FluentWait.java:228)
at pages.BasePage.waitForVisible(BasePage.java:30)
at pages.RentalCarsHomePage.enterLocationAndStabilize(RentalCarsHomePage.java:148)
at pages.RentalCarsHomePage.searchCars(RentalCarsHomePage.java:44)
at stepdefinitions.Scenario003RentalCarFiltersSteps.userPreparesRentalCarsSC003ScenarioWithTestCase(Scenario003RentalCarFiltersSteps.java:30)
at ✽.user prepares rental cars SC003 scenario with test case "TC_011"(file:///C:/Users/Hp/Documents/Codex/2026-04-19-files-mentioned-by-the-user-airport/BookingRentalCarsBDD-TestNG/src/test/resources/features/SC003_rental_car_filters.feature:4)
]]>
            </full-stacktrace>
          </exception> <!-- org.openqa.selenium.TimeoutException -->
          <reporter-output>
          </reporter-output>
        </test-method> <!-- runScenario -->
        <test-method signature="runScenario(io.cucumber.testng.PickleWrapper,io.cucumber.testng.FeatureWrapper)[pri:0, instance:runners.TestRunner@683dbc2c]" started-at="2026-04-19T17:02:53 IST" name="runScenario" description="Runs Cucumber Scenarios" data-provider="scenarios" finished-at="2026-04-19T17:03:27 IST" duration-ms="33472" status="FAIL">
          <params>
            <param index="0">
              <value>
                <![CDATA["Execute rental cars SC003 testcase TC_012"]]>
              </value>
            </param>
            <param index="1">
              <value>
                <![CDATA["SC003 rental car result filters"]]>
              </value>
            </param>
          </params>
          <exception class="org.openqa.selenium.TimeoutException">
            <message>
              <![CDATA[Expected condition failed: waiting for visibility of element located by By.xpath: //input[contains(@placeholder,'Pick-up') or contains(@aria-label,'Pick-up') or contains(@placeholder,'pickup') or contains(@data-testid,'pickup')] (tried for 25 second(s) with 500 milliseconds interval)
Build info: version: '4.18.1', revision: 'b1d3319b48'
System info: os.name: 'Windows 11', os.arch: 'amd64', os.version: '10.0', java.version: '23.0.1'
Driver info: org.openqa.selenium.chrome.ChromeDriver
Capabilities {acceptInsecureCerts: false, browserName: chrome, browserVersion: 147.0.7727.56, chrome: {chromedriverVersion: 147.0.7727.57 (b4f28b5637d0..., userDataDir: C:\Users\Hp\AppData\Local\T...}, fedcm:accounts: true, goog:chromeOptions: {debuggerAddress: localhost:65119}, goog:processID: 28416, networkConnectionEnabled: false, pageLoadStrategy: normal, platformName: windows, proxy: Proxy(), se:cdp: ws://localhost:65119/devtoo..., se:cdpVersion: 147.0.7727.56, setWindowRect: true, strictFileInteractability: false, timeouts: {implicit: 0, pageLoad: 300000, script: 30000}, unhandledPromptBehavior: dismiss and notify, webauthn:extension:credBlob: true, webauthn:extension:largeBlob: true, webauthn:extension:minPinLength: true, webauthn:extension:prf: true, webauthn:virtualAuthenticators: true}
Session ID: 39d0d9165f81035c4de73dc38bb9e16b]]>
            </message>
            <full-stacktrace>
              <![CDATA[org.openqa.selenium.TimeoutException: Expected condition failed: waiting for visibility of element located by By.xpath: //input[contains(@placeholder,'Pick-up') or contains(@aria-label,'Pick-up') or contains(@placeholder,'pickup') or contains(@data-testid,'pickup')] (tried for 25 second(s) with 500 milliseconds interval)
Build info: version: '4.18.1', revision: 'b1d3319b48'
System info: os.name: 'Windows 11', os.arch: 'amd64', os.version: '10.0', java.version: '23.0.1'
Driver info: org.openqa.selenium.chrome.ChromeDriver
Capabilities {acceptInsecureCerts: false, browserName: chrome, browserVersion: 147.0.7727.56, chrome: {chromedriverVersion: 147.0.7727.57 (b4f28b5637d0..., userDataDir: C:\Users\Hp\AppData\Local\T...}, fedcm:accounts: true, goog:chromeOptions: {debuggerAddress: localhost:65119}, goog:processID: 28416, networkConnectionEnabled: false, pageLoadStrategy: normal, platformName: windows, proxy: Proxy(), se:cdp: ws://localhost:65119/devtoo..., se:cdpVersion: 147.0.7727.56, setWindowRect: true, strictFileInteractability: false, timeouts: {implicit: 0, pageLoad: 300000, script: 30000}, unhandledPromptBehavior: dismiss and notify, webauthn:extension:credBlob: true, webauthn:extension:largeBlob: true, webauthn:extension:minPinLength: true, webauthn:extension:prf: true, webauthn:virtualAuthenticators: true}
Session ID: 39d0d9165f81035c4de73dc38bb9e16b
at org.openqa.selenium.support.ui.WebDriverWait.timeoutException(WebDriverWait.java:84)
at org.openqa.selenium.support.ui.FluentWait.until(FluentWait.java:228)
at pages.BasePage.waitForVisible(BasePage.java:30)
at pages.RentalCarsHomePage.enterLocationAndStabilize(RentalCarsHomePage.java:148)
at pages.RentalCarsHomePage.searchCars(RentalCarsHomePage.java:44)
at stepdefinitions.Scenario003RentalCarFiltersSteps.userPreparesRentalCarsSC003ScenarioWithTestCase(Scenario003RentalCarFiltersSteps.java:30)
at ✽.user prepares rental cars SC003 scenario with test case "TC_012"(file:///C:/Users/Hp/Documents/Codex/2026-04-19-files-mentioned-by-the-user-airport/BookingRentalCarsBDD-TestNG/src/test/resources/features/SC003_rental_car_filters.feature:4)
]]>
            </full-stacktrace>
          </exception> <!-- org.openqa.selenium.TimeoutException -->
          <reporter-output>
          </reporter-output>
        </test-method> <!-- runScenario -->
        <test-method signature="runScenario(io.cucumber.testng.PickleWrapper,io.cucumber.testng.FeatureWrapper)[pri:0, instance:runners.TestRunner@683dbc2c]" started-at="2026-04-19T17:03:12 IST" name="runScenario" description="Runs Cucumber Scenarios" data-provider="scenarios" finished-at="2026-04-19T17:03:45 IST" duration-ms="33049" status="FAIL">
          <params>
            <param index="0">
              <value>
                <![CDATA["Execute rental cars SC004 testcase TC_013"]]>
              </value>
            </param>
            <param index="1">
              <value>
                <![CDATA["SC004 rental car selection and details"]]>
              </value>
            </param>
          </params>
          <exception class="org.openqa.selenium.TimeoutException">
            <message>
              <![CDATA[Expected condition failed: waiting for visibility of element located by By.xpath: //input[contains(@placeholder,'Pick-up') or contains(@aria-label,'Pick-up') or contains(@placeholder,'pickup') or contains(@data-testid,'pickup')] (tried for 25 second(s) with 500 milliseconds interval)
Build info: version: '4.18.1', revision: 'b1d3319b48'
System info: os.name: 'Windows 11', os.arch: 'amd64', os.version: '10.0', java.version: '23.0.1'
Driver info: org.openqa.selenium.chrome.ChromeDriver
Capabilities {acceptInsecureCerts: false, browserName: chrome, browserVersion: 147.0.7727.56, chrome: {chromedriverVersion: 147.0.7727.57 (b4f28b5637d0..., userDataDir: C:\Users\Hp\AppData\Local\T...}, fedcm:accounts: true, goog:chromeOptions: {debuggerAddress: localhost:65120}, goog:processID: 27336, networkConnectionEnabled: false, pageLoadStrategy: normal, platformName: windows, proxy: Proxy(), se:cdp: ws://localhost:65120/devtoo..., se:cdpVersion: 147.0.7727.56, setWindowRect: true, strictFileInteractability: false, timeouts: {implicit: 0, pageLoad: 300000, script: 30000}, unhandledPromptBehavior: dismiss and notify, webauthn:extension:credBlob: true, webauthn:extension:largeBlob: true, webauthn:extension:minPinLength: true, webauthn:extension:prf: true, webauthn:virtualAuthenticators: true}
Session ID: 41af73d7e7428146a21474a70b51ff17]]>
            </message>
            <full-stacktrace>
              <![CDATA[org.openqa.selenium.TimeoutException: Expected condition failed: waiting for visibility of element located by By.xpath: //input[contains(@placeholder,'Pick-up') or contains(@aria-label,'Pick-up') or contains(@placeholder,'pickup') or contains(@data-testid,'pickup')] (tried for 25 second(s) with 500 milliseconds interval)
Build info: version: '4.18.1', revision: 'b1d3319b48'
System info: os.name: 'Windows 11', os.arch: 'amd64', os.version: '10.0', java.version: '23.0.1'
Driver info: org.openqa.selenium.chrome.ChromeDriver
Capabilities {acceptInsecureCerts: false, browserName: chrome, browserVersion: 147.0.7727.56, chrome: {chromedriverVersion: 147.0.7727.57 (b4f28b5637d0..., userDataDir: C:\Users\Hp\AppData\Local\T...}, fedcm:accounts: true, goog:chromeOptions: {debuggerAddress: localhost:65120}, goog:processID: 27336, networkConnectionEnabled: false, pageLoadStrategy: normal, platformName: windows, proxy: Proxy(), se:cdp: ws://localhost:65120/devtoo..., se:cdpVersion: 147.0.7727.56, setWindowRect: true, strictFileInteractability: false, timeouts: {implicit: 0, pageLoad: 300000, script: 30000}, unhandledPromptBehavior: dismiss and notify, webauthn:extension:credBlob: true, webauthn:extension:largeBlob: true, webauthn:extension:minPinLength: true, webauthn:extension:prf: true, webauthn:virtualAuthenticators: true}
Session ID: 41af73d7e7428146a21474a70b51ff17
at org.openqa.selenium.support.ui.WebDriverWait.timeoutException(WebDriverWait.java:84)
at org.openqa.selenium.support.ui.FluentWait.until(FluentWait.java:228)
at pages.BasePage.waitForVisible(BasePage.java:30)
at pages.RentalCarsHomePage.enterLocationAndStabilize(RentalCarsHomePage.java:148)
at pages.RentalCarsHomePage.searchCars(RentalCarsHomePage.java:44)
at stepdefinitions.Scenario004RentalCarSelectionSteps.userPreparesRentalCarsSC004ScenarioWithTestCase(Scenario004RentalCarSelectionSteps.java:32)
at ✽.user prepares rental cars SC004 scenario with test case "TC_013"(file:///C:/Users/Hp/Documents/Codex/2026-04-19-files-mentioned-by-the-user-airport/BookingRentalCarsBDD-TestNG/src/test/resources/features/SC004_rental_car_selection.feature:4)
]]>
            </full-stacktrace>
          </exception> <!-- org.openqa.selenium.TimeoutException -->
          <reporter-output>
          </reporter-output>
        </test-method> <!-- runScenario -->
        <test-method signature="runScenario(io.cucumber.testng.PickleWrapper,io.cucumber.testng.FeatureWrapper)[pri:0, instance:runners.TestRunner@683dbc2c]" started-at="2026-04-19T17:03:27 IST" name="runScenario" description="Runs Cucumber Scenarios" data-provider="scenarios" finished-at="2026-04-19T17:04:00 IST" duration-ms="32836" status="FAIL">
          <params>
            <param index="0">
              <value>
                <![CDATA["Execute rental cars SC004 testcase TC_014"]]>
              </value>
            </param>
            <param index="1">
              <value>
                <![CDATA["SC004 rental car selection and details"]]>
              </value>
            </param>
          </params>
          <exception class="org.openqa.selenium.TimeoutException">
            <message>
              <![CDATA[Expected condition failed: waiting for visibility of element located by By.xpath: //input[contains(@placeholder,'Pick-up') or contains(@aria-label,'Pick-up') or contains(@placeholder,'pickup') or contains(@data-testid,'pickup')] (tried for 25 second(s) with 500 milliseconds interval)
Build info: version: '4.18.1', revision: 'b1d3319b48'
System info: os.name: 'Windows 11', os.arch: 'amd64', os.version: '10.0', java.version: '23.0.1'
Driver info: org.openqa.selenium.chrome.ChromeDriver
Capabilities {acceptInsecureCerts: false, browserName: chrome, browserVersion: 147.0.7727.56, chrome: {chromedriverVersion: 147.0.7727.57 (b4f28b5637d0..., userDataDir: C:\Users\Hp\AppData\Local\T...}, fedcm:accounts: true, goog:chromeOptions: {debuggerAddress: localhost:65119}, goog:processID: 28416, networkConnectionEnabled: false, pageLoadStrategy: normal, platformName: windows, proxy: Proxy(), se:cdp: ws://localhost:65119/devtoo..., se:cdpVersion: 147.0.7727.56, setWindowRect: true, strictFileInteractability: false, timeouts: {implicit: 0, pageLoad: 300000, script: 30000}, unhandledPromptBehavior: dismiss and notify, webauthn:extension:credBlob: true, webauthn:extension:largeBlob: true, webauthn:extension:minPinLength: true, webauthn:extension:prf: true, webauthn:virtualAuthenticators: true}
Session ID: 39d0d9165f81035c4de73dc38bb9e16b]]>
            </message>
            <full-stacktrace>
              <![CDATA[org.openqa.selenium.TimeoutException: Expected condition failed: waiting for visibility of element located by By.xpath: //input[contains(@placeholder,'Pick-up') or contains(@aria-label,'Pick-up') or contains(@placeholder,'pickup') or contains(@data-testid,'pickup')] (tried for 25 second(s) with 500 milliseconds interval)
Build info: version: '4.18.1', revision: 'b1d3319b48'
System info: os.name: 'Windows 11', os.arch: 'amd64', os.version: '10.0', java.version: '23.0.1'
Driver info: org.openqa.selenium.chrome.ChromeDriver
Capabilities {acceptInsecureCerts: false, browserName: chrome, browserVersion: 147.0.7727.56, chrome: {chromedriverVersion: 147.0.7727.57 (b4f28b5637d0..., userDataDir: C:\Users\Hp\AppData\Local\T...}, fedcm:accounts: true, goog:chromeOptions: {debuggerAddress: localhost:65119}, goog:processID: 28416, networkConnectionEnabled: false, pageLoadStrategy: normal, platformName: windows, proxy: Proxy(), se:cdp: ws://localhost:65119/devtoo..., se:cdpVersion: 147.0.7727.56, setWindowRect: true, strictFileInteractability: false, timeouts: {implicit: 0, pageLoad: 300000, script: 30000}, unhandledPromptBehavior: dismiss and notify, webauthn:extension:credBlob: true, webauthn:extension:largeBlob: true, webauthn:extension:minPinLength: true, webauthn:extension:prf: true, webauthn:virtualAuthenticators: true}
Session ID: 39d0d9165f81035c4de73dc38bb9e16b
at org.openqa.selenium.support.ui.WebDriverWait.timeoutException(WebDriverWait.java:84)
at org.openqa.selenium.support.ui.FluentWait.until(FluentWait.java:228)
at pages.BasePage.waitForVisible(BasePage.java:30)
at pages.RentalCarsHomePage.enterLocationAndStabilize(RentalCarsHomePage.java:148)
at pages.RentalCarsHomePage.searchCars(RentalCarsHomePage.java:44)
at stepdefinitions.Scenario004RentalCarSelectionSteps.userPreparesRentalCarsSC004ScenarioWithTestCase(Scenario004RentalCarSelectionSteps.java:32)
at ✽.user prepares rental cars SC004 scenario with test case "TC_014"(file:///C:/Users/Hp/Documents/Codex/2026-04-19-files-mentioned-by-the-user-airport/BookingRentalCarsBDD-TestNG/src/test/resources/features/SC004_rental_car_selection.feature:4)
]]>
            </full-stacktrace>
          </exception> <!-- org.openqa.selenium.TimeoutException -->
          <reporter-output>
          </reporter-output>
        </test-method> <!-- runScenario -->
        <test-method signature="runScenario(io.cucumber.testng.PickleWrapper,io.cucumber.testng.FeatureWrapper)[pri:0, instance:runners.TestRunner@683dbc2c]" started-at="2026-04-19T17:03:45 IST" name="runScenario" description="Runs Cucumber Scenarios" data-provider="scenarios" finished-at="2026-04-19T17:04:18 IST" duration-ms="32916" status="FAIL">
          <params>
            <param index="0">
              <value>
                <![CDATA["Execute rental cars SC004 testcase TC_015"]]>
              </value>
            </param>
            <param index="1">
              <value>
                <![CDATA["SC004 rental car selection and details"]]>
              </value>
            </param>
          </params>
          <exception class="org.openqa.selenium.TimeoutException">
            <message>
              <![CDATA[Expected condition failed: waiting for visibility of element located by By.xpath: //input[contains(@placeholder,'Pick-up') or contains(@aria-label,'Pick-up') or contains(@placeholder,'pickup') or contains(@data-testid,'pickup')] (tried for 25 second(s) with 500 milliseconds interval)
Build info: version: '4.18.1', revision: 'b1d3319b48'
System info: os.name: 'Windows 11', os.arch: 'amd64', os.version: '10.0', java.version: '23.0.1'
Driver info: org.openqa.selenium.chrome.ChromeDriver
Capabilities {acceptInsecureCerts: false, browserName: chrome, browserVersion: 147.0.7727.56, chrome: {chromedriverVersion: 147.0.7727.57 (b4f28b5637d0..., userDataDir: C:\Users\Hp\AppData\Local\T...}, fedcm:accounts: true, goog:chromeOptions: {debuggerAddress: localhost:65120}, goog:processID: 27336, networkConnectionEnabled: false, pageLoadStrategy: normal, platformName: windows, proxy: Proxy(), se:cdp: ws://localhost:65120/devtoo..., se:cdpVersion: 147.0.7727.56, setWindowRect: true, strictFileInteractability: false, timeouts: {implicit: 0, pageLoad: 300000, script: 30000}, unhandledPromptBehavior: dismiss and notify, webauthn:extension:credBlob: true, webauthn:extension:largeBlob: true, webauthn:extension:minPinLength: true, webauthn:extension:prf: true, webauthn:virtualAuthenticators: true}
Session ID: 41af73d7e7428146a21474a70b51ff17]]>
            </message>
            <full-stacktrace>
              <![CDATA[org.openqa.selenium.TimeoutException: Expected condition failed: waiting for visibility of element located by By.xpath: //input[contains(@placeholder,'Pick-up') or contains(@aria-label,'Pick-up') or contains(@placeholder,'pickup') or contains(@data-testid,'pickup')] (tried for 25 second(s) with 500 milliseconds interval)
Build info: version: '4.18.1', revision: 'b1d3319b48'
System info: os.name: 'Windows 11', os.arch: 'amd64', os.version: '10.0', java.version: '23.0.1'
Driver info: org.openqa.selenium.chrome.ChromeDriver
Capabilities {acceptInsecureCerts: false, browserName: chrome, browserVersion: 147.0.7727.56, chrome: {chromedriverVersion: 147.0.7727.57 (b4f28b5637d0..., userDataDir: C:\Users\Hp\AppData\Local\T...}, fedcm:accounts: true, goog:chromeOptions: {debuggerAddress: localhost:65120}, goog:processID: 27336, networkConnectionEnabled: false, pageLoadStrategy: normal, platformName: windows, proxy: Proxy(), se:cdp: ws://localhost:65120/devtoo..., se:cdpVersion: 147.0.7727.56, setWindowRect: true, strictFileInteractability: false, timeouts: {implicit: 0, pageLoad: 300000, script: 30000}, unhandledPromptBehavior: dismiss and notify, webauthn:extension:credBlob: true, webauthn:extension:largeBlob: true, webauthn:extension:minPinLength: true, webauthn:extension:prf: true, webauthn:virtualAuthenticators: true}
Session ID: 41af73d7e7428146a21474a70b51ff17
at org.openqa.selenium.support.ui.WebDriverWait.timeoutException(WebDriverWait.java:84)
at org.openqa.selenium.support.ui.FluentWait.until(FluentWait.java:228)
at pages.BasePage.waitForVisible(BasePage.java:30)
at pages.RentalCarsHomePage.enterLocationAndStabilize(RentalCarsHomePage.java:148)
at pages.RentalCarsHomePage.searchCars(RentalCarsHomePage.java:44)
at stepdefinitions.Scenario004RentalCarSelectionSteps.userPreparesRentalCarsSC004ScenarioWithTestCase(Scenario004RentalCarSelectionSteps.java:32)
at ✽.user prepares rental cars SC004 scenario with test case "TC_015"(file:///C:/Users/Hp/Documents/Codex/2026-04-19-files-mentioned-by-the-user-airport/BookingRentalCarsBDD-TestNG/src/test/resources/features/SC004_rental_car_selection.feature:4)
]]>
            </full-stacktrace>
          </exception> <!-- org.openqa.selenium.TimeoutException -->
          <reporter-output>
          </reporter-output>
        </test-method> <!-- runScenario -->
        <test-method signature="runScenario(io.cucumber.testng.PickleWrapper,io.cucumber.testng.FeatureWrapper)[pri:0, instance:runners.TestRunner@683dbc2c]" started-at="2026-04-19T17:04:00 IST" name="runScenario" description="Runs Cucumber Scenarios" data-provider="scenarios" finished-at="2026-04-19T17:04:33 IST" duration-ms="33505" status="FAIL">
          <params>
            <param index="0">
              <value>
                <![CDATA["Execute rental cars SC004 testcase TC_016"]]>
              </value>
            </param>
            <param index="1">
              <value>
                <![CDATA["SC004 rental car selection and details"]]>
              </value>
            </param>
          </params>
          <exception class="org.openqa.selenium.TimeoutException">
            <message>
              <![CDATA[Expected condition failed: waiting for visibility of element located by By.xpath: //input[contains(@placeholder,'Pick-up') or contains(@aria-label,'Pick-up') or contains(@placeholder,'pickup') or contains(@data-testid,'pickup')] (tried for 25 second(s) with 500 milliseconds interval)
Build info: version: '4.18.1', revision: 'b1d3319b48'
System info: os.name: 'Windows 11', os.arch: 'amd64', os.version: '10.0', java.version: '23.0.1'
Driver info: org.openqa.selenium.chrome.ChromeDriver
Capabilities {acceptInsecureCerts: false, browserName: chrome, browserVersion: 147.0.7727.56, chrome: {chromedriverVersion: 147.0.7727.57 (b4f28b5637d0..., userDataDir: C:\Users\Hp\AppData\Local\T...}, fedcm:accounts: true, goog:chromeOptions: {debuggerAddress: localhost:65119}, goog:processID: 28416, networkConnectionEnabled: false, pageLoadStrategy: normal, platformName: windows, proxy: Proxy(), se:cdp: ws://localhost:65119/devtoo..., se:cdpVersion: 147.0.7727.56, setWindowRect: true, strictFileInteractability: false, timeouts: {implicit: 0, pageLoad: 300000, script: 30000}, unhandledPromptBehavior: dismiss and notify, webauthn:extension:credBlob: true, webauthn:extension:largeBlob: true, webauthn:extension:minPinLength: true, webauthn:extension:prf: true, webauthn:virtualAuthenticators: true}
Session ID: 39d0d9165f81035c4de73dc38bb9e16b]]>
            </message>
            <full-stacktrace>
              <![CDATA[org.openqa.selenium.TimeoutException: Expected condition failed: waiting for visibility of element located by By.xpath: //input[contains(@placeholder,'Pick-up') or contains(@aria-label,'Pick-up') or contains(@placeholder,'pickup') or contains(@data-testid,'pickup')] (tried for 25 second(s) with 500 milliseconds interval)
Build info: version: '4.18.1', revision: 'b1d3319b48'
System info: os.name: 'Windows 11', os.arch: 'amd64', os.version: '10.0', java.version: '23.0.1'
Driver info: org.openqa.selenium.chrome.ChromeDriver
Capabilities {acceptInsecureCerts: false, browserName: chrome, browserVersion: 147.0.7727.56, chrome: {chromedriverVersion: 147.0.7727.57 (b4f28b5637d0..., userDataDir: C:\Users\Hp\AppData\Local\T...}, fedcm:accounts: true, goog:chromeOptions: {debuggerAddress: localhost:65119}, goog:processID: 28416, networkConnectionEnabled: false, pageLoadStrategy: normal, platformName: windows, proxy: Proxy(), se:cdp: ws://localhost:65119/devtoo..., se:cdpVersion: 147.0.7727.56, setWindowRect: true, strictFileInteractability: false, timeouts: {implicit: 0, pageLoad: 300000, script: 30000}, unhandledPromptBehavior: dismiss and notify, webauthn:extension:credBlob: true, webauthn:extension:largeBlob: true, webauthn:extension:minPinLength: true, webauthn:extension:prf: true, webauthn:virtualAuthenticators: true}
Session ID: 39d0d9165f81035c4de73dc38bb9e16b
at org.openqa.selenium.support.ui.WebDriverWait.timeoutException(WebDriverWait.java:84)
at org.openqa.selenium.support.ui.FluentWait.until(FluentWait.java:228)
at pages.BasePage.waitForVisible(BasePage.java:30)
at pages.RentalCarsHomePage.enterLocationAndStabilize(RentalCarsHomePage.java:148)
at pages.RentalCarsHomePage.searchCars(RentalCarsHomePage.java:44)
at stepdefinitions.Scenario004RentalCarSelectionSteps.userPreparesRentalCarsSC004ScenarioWithTestCase(Scenario004RentalCarSelectionSteps.java:32)
at ✽.user prepares rental cars SC004 scenario with test case "TC_016"(file:///C:/Users/Hp/Documents/Codex/2026-04-19-files-mentioned-by-the-user-airport/BookingRentalCarsBDD-TestNG/src/test/resources/features/SC004_rental_car_selection.feature:4)
]]>
            </full-stacktrace>
          </exception> <!-- org.openqa.selenium.TimeoutException -->
          <reporter-output>
          </reporter-output>
        </test-method> <!-- runScenario -->
        <test-method signature="runScenario(io.cucumber.testng.PickleWrapper,io.cucumber.testng.FeatureWrapper)[pri:0, instance:runners.TestRunner@683dbc2c]" started-at="2026-04-19T17:04:18 IST" name="runScenario" description="Runs Cucumber Scenarios" data-provider="scenarios" finished-at="2026-04-19T17:04:51 IST" duration-ms="32932" status="FAIL">
          <params>
            <param index="0">
              <value>
                <![CDATA["Execute rental cars SC005 testcase TC_017"]]>
              </value>
            </param>
            <param index="1">
              <value>
                <![CDATA["SC005 rental car sort and comparison"]]>
              </value>
            </param>
          </params>
          <exception class="org.openqa.selenium.TimeoutException">
            <message>
              <![CDATA[Expected condition failed: waiting for visibility of element located by By.xpath: //input[contains(@placeholder,'Pick-up') or contains(@aria-label,'Pick-up') or contains(@placeholder,'pickup') or contains(@data-testid,'pickup')] (tried for 25 second(s) with 500 milliseconds interval)
Build info: version: '4.18.1', revision: 'b1d3319b48'
System info: os.name: 'Windows 11', os.arch: 'amd64', os.version: '10.0', java.version: '23.0.1'
Driver info: org.openqa.selenium.chrome.ChromeDriver
Capabilities {acceptInsecureCerts: false, browserName: chrome, browserVersion: 147.0.7727.56, chrome: {chromedriverVersion: 147.0.7727.57 (b4f28b5637d0..., userDataDir: C:\Users\Hp\AppData\Local\T...}, fedcm:accounts: true, goog:chromeOptions: {debuggerAddress: localhost:65120}, goog:processID: 27336, networkConnectionEnabled: false, pageLoadStrategy: normal, platformName: windows, proxy: Proxy(), se:cdp: ws://localhost:65120/devtoo..., se:cdpVersion: 147.0.7727.56, setWindowRect: true, strictFileInteractability: false, timeouts: {implicit: 0, pageLoad: 300000, script: 30000}, unhandledPromptBehavior: dismiss and notify, webauthn:extension:credBlob: true, webauthn:extension:largeBlob: true, webauthn:extension:minPinLength: true, webauthn:extension:prf: true, webauthn:virtualAuthenticators: true}
Session ID: 41af73d7e7428146a21474a70b51ff17]]>
            </message>
            <full-stacktrace>
              <![CDATA[org.openqa.selenium.TimeoutException: Expected condition failed: waiting for visibility of element located by By.xpath: //input[contains(@placeholder,'Pick-up') or contains(@aria-label,'Pick-up') or contains(@placeholder,'pickup') or contains(@data-testid,'pickup')] (tried for 25 second(s) with 500 milliseconds interval)
Build info: version: '4.18.1', revision: 'b1d3319b48'
System info: os.name: 'Windows 11', os.arch: 'amd64', os.version: '10.0', java.version: '23.0.1'
Driver info: org.openqa.selenium.chrome.ChromeDriver
Capabilities {acceptInsecureCerts: false, browserName: chrome, browserVersion: 147.0.7727.56, chrome: {chromedriverVersion: 147.0.7727.57 (b4f28b5637d0..., userDataDir: C:\Users\Hp\AppData\Local\T...}, fedcm:accounts: true, goog:chromeOptions: {debuggerAddress: localhost:65120}, goog:processID: 27336, networkConnectionEnabled: false, pageLoadStrategy: normal, platformName: windows, proxy: Proxy(), se:cdp: ws://localhost:65120/devtoo..., se:cdpVersion: 147.0.7727.56, setWindowRect: true, strictFileInteractability: false, timeouts: {implicit: 0, pageLoad: 300000, script: 30000}, unhandledPromptBehavior: dismiss and notify, webauthn:extension:credBlob: true, webauthn:extension:largeBlob: true, webauthn:extension:minPinLength: true, webauthn:extension:prf: true, webauthn:virtualAuthenticators: true}
Session ID: 41af73d7e7428146a21474a70b51ff17
at org.openqa.selenium.support.ui.WebDriverWait.timeoutException(WebDriverWait.java:84)
at org.openqa.selenium.support.ui.FluentWait.until(FluentWait.java:228)
at pages.BasePage.waitForVisible(BasePage.java:30)
at pages.RentalCarsHomePage.enterLocationAndStabilize(RentalCarsHomePage.java:148)
at pages.RentalCarsHomePage.searchCars(RentalCarsHomePage.java:44)
at stepdefinitions.Scenario005RentalCarSortSteps.userPreparesRentalCarsSC005ScenarioWithTestCase(Scenario005RentalCarSortSteps.java:30)
at ✽.user prepares rental cars SC005 scenario with test case "TC_017"(file:///C:/Users/Hp/Documents/Codex/2026-04-19-files-mentioned-by-the-user-airport/BookingRentalCarsBDD-TestNG/src/test/resources/features/SC005_rental_car_sort.feature:4)
]]>
            </full-stacktrace>
          </exception> <!-- org.openqa.selenium.TimeoutException -->
          <reporter-output>
          </reporter-output>
        </test-method> <!-- runScenario -->
        <test-method signature="runScenario(io.cucumber.testng.PickleWrapper,io.cucumber.testng.FeatureWrapper)[pri:0, instance:runners.TestRunner@683dbc2c]" started-at="2026-04-19T17:04:33 IST" name="runScenario" description="Runs Cucumber Scenarios" data-provider="scenarios" finished-at="2026-04-19T17:05:06 IST" duration-ms="32636" status="FAIL">
          <params>
            <param index="0">
              <value>
                <![CDATA["Execute rental cars SC005 testcase TC_018"]]>
              </value>
            </param>
            <param index="1">
              <value>
                <![CDATA["SC005 rental car sort and comparison"]]>
              </value>
            </param>
          </params>
          <exception class="org.openqa.selenium.TimeoutException">
            <message>
              <![CDATA[Expected condition failed: waiting for visibility of element located by By.xpath: //input[contains(@placeholder,'Pick-up') or contains(@aria-label,'Pick-up') or contains(@placeholder,'pickup') or contains(@data-testid,'pickup')] (tried for 25 second(s) with 500 milliseconds interval)
Build info: version: '4.18.1', revision: 'b1d3319b48'
System info: os.name: 'Windows 11', os.arch: 'amd64', os.version: '10.0', java.version: '23.0.1'
Driver info: org.openqa.selenium.chrome.ChromeDriver
Capabilities {acceptInsecureCerts: false, browserName: chrome, browserVersion: 147.0.7727.56, chrome: {chromedriverVersion: 147.0.7727.57 (b4f28b5637d0..., userDataDir: C:\Users\Hp\AppData\Local\T...}, fedcm:accounts: true, goog:chromeOptions: {debuggerAddress: localhost:65119}, goog:processID: 28416, networkConnectionEnabled: false, pageLoadStrategy: normal, platformName: windows, proxy: Proxy(), se:cdp: ws://localhost:65119/devtoo..., se:cdpVersion: 147.0.7727.56, setWindowRect: true, strictFileInteractability: false, timeouts: {implicit: 0, pageLoad: 300000, script: 30000}, unhandledPromptBehavior: dismiss and notify, webauthn:extension:credBlob: true, webauthn:extension:largeBlob: true, webauthn:extension:minPinLength: true, webauthn:extension:prf: true, webauthn:virtualAuthenticators: true}
Session ID: 39d0d9165f81035c4de73dc38bb9e16b]]>
            </message>
            <full-stacktrace>
              <![CDATA[org.openqa.selenium.TimeoutException: Expected condition failed: waiting for visibility of element located by By.xpath: //input[contains(@placeholder,'Pick-up') or contains(@aria-label,'Pick-up') or contains(@placeholder,'pickup') or contains(@data-testid,'pickup')] (tried for 25 second(s) with 500 milliseconds interval)
Build info: version: '4.18.1', revision: 'b1d3319b48'
System info: os.name: 'Windows 11', os.arch: 'amd64', os.version: '10.0', java.version: '23.0.1'
Driver info: org.openqa.selenium.chrome.ChromeDriver
Capabilities {acceptInsecureCerts: false, browserName: chrome, browserVersion: 147.0.7727.56, chrome: {chromedriverVersion: 147.0.7727.57 (b4f28b5637d0..., userDataDir: C:\Users\Hp\AppData\Local\T...}, fedcm:accounts: true, goog:chromeOptions: {debuggerAddress: localhost:65119}, goog:processID: 28416, networkConnectionEnabled: false, pageLoadStrategy: normal, platformName: windows, proxy: Proxy(), se:cdp: ws://localhost:65119/devtoo..., se:cdpVersion: 147.0.7727.56, setWindowRect: true, strictFileInteractability: false, timeouts: {implicit: 0, pageLoad: 300000, script: 30000}, unhandledPromptBehavior: dismiss and notify, webauthn:extension:credBlob: true, webauthn:extension:largeBlob: true, webauthn:extension:minPinLength: true, webauthn:extension:prf: true, webauthn:virtualAuthenticators: true}
Session ID: 39d0d9165f81035c4de73dc38bb9e16b
at org.openqa.selenium.support.ui.WebDriverWait.timeoutException(WebDriverWait.java:84)
at org.openqa.selenium.support.ui.FluentWait.until(FluentWait.java:228)
at pages.BasePage.waitForVisible(BasePage.java:30)
at pages.RentalCarsHomePage.enterLocationAndStabilize(RentalCarsHomePage.java:148)
at pages.RentalCarsHomePage.searchCars(RentalCarsHomePage.java:44)
at stepdefinitions.Scenario005RentalCarSortSteps.userPreparesRentalCarsSC005ScenarioWithTestCase(Scenario005RentalCarSortSteps.java:30)
at ✽.user prepares rental cars SC005 scenario with test case "TC_018"(file:///C:/Users/Hp/Documents/Codex/2026-04-19-files-mentioned-by-the-user-airport/BookingRentalCarsBDD-TestNG/src/test/resources/features/SC005_rental_car_sort.feature:4)
]]>
            </full-stacktrace>
          </exception> <!-- org.openqa.selenium.TimeoutException -->
          <reporter-output>
          </reporter-output>
        </test-method> <!-- runScenario -->
[...]
Session ID: 39d0d9165f81035c4de73dc38bb9e16b
at org.openqa.selenium.support.ui.WebDriverWait.timeoutException(WebDriverWait.java:84)
at org.openqa.selenium.support.ui.FluentWait.until(FluentWait.java:228)
at pages.BasePage.waitForVisible(BasePage.java:30)
at pages.RentalCarsHomePage.enterLocationAndStabilize(RentalCarsHomePage.java:148)
at pages.RentalCarsHomePage.searchCars(RentalCarsHomePage.java:44)
at stepdefinitions.Scenario005RentalCarSortSteps.userPreparesRentalCarsSC005ScenarioWithTestCase(Scenario005RentalCarSortSteps.java:30)
at ✽.user prepares rental cars SC005 scenario with test case "TC_020"(file:///C:/Users/Hp/Documents/Codex/2026-04-19-files-mentioned-by-the-user-airport/BookingRentalCarsBDD-TestNG/src/test/resources/features/SC005_rental_car_sort.feature:4)
]]>
            </full-stacktrace>
          </exception> <!-- org.openqa.selenium.TimeoutException -->
          <reporter-output>
          </reporter-output>
        </test-method> <!-- runScenario -->
        <test-method signature="runScenario(io.cucumber.testng.PickleWrapper,io.cucumber.testng.FeatureWrapper)[pri:0, instance:runners.TestRunner@683dbc2c]" started-at="2026-04-19T17:05:23 IST" name="runScenario" description="Runs Cucumber Scenarios" data-provider="scenarios" finished-at="2026-04-19T17:05:56 IST" duration-ms="32444" status="FAIL">
          <params>
            <param index="0">
              <value>
                <![CDATA["Execute rental cars SC006 testcase TC_021"]]>
              </value>
            </param>
            <param index="1">
              <value>
                <![CDATA["SC006 rental car result content and search refinement"]]>
              </value>
            </param>
          </params>
          <exception class="org.openqa.selenium.TimeoutException">
            <message>
              <![CDATA[Expected condition failed: waiting for visibility of element located by By.xpath: //input[contains(@placeholder,'Pick-up') or contains(@aria-label,'Pick-up') or contains(@placeholder,'pickup') or contains(@data-testid,'pickup')] (tried for 25 second(s) with 500 milliseconds interval)
Build info: version: '4.18.1', revision: 'b1d3319b48'
System info: os.name: 'Windows 11', os.arch: 'amd64', os.version: '10.0', java.version: '23.0.1'
Driver info: org.openqa.selenium.chrome.ChromeDriver
Capabilities {acceptInsecureCerts: false, browserName: chrome, browserVersion: 147.0.7727.56, chrome: {chromedriverVersion: 147.0.7727.57 (b4f28b5637d0..., userDataDir: C:\Users\Hp\AppData\Local\T...}, fedcm:accounts: true, goog:chromeOptions: {debuggerAddress: localhost:65120}, goog:processID: 27336, networkConnectionEnabled: false, pageLoadStrategy: normal, platformName: windows, proxy: Proxy(), se:cdp: ws://localhost:65120/devtoo..., se:cdpVersion: 147.0.7727.56, setWindowRect: true, strictFileInteractability: false, timeouts: {implicit: 0, pageLoad: 300000, script: 30000}, unhandledPromptBehavior: dismiss and notify, webauthn:extension:credBlob: true, webauthn:extension:largeBlob: true, webauthn:extension:minPinLength: true, webauthn:extension:prf: true, webauthn:virtualAuthenticators: true}
Session ID: 41af73d7e7428146a21474a70b51ff17]]>
            </message>
            <full-stacktrace>
              <![CDATA[org.openqa.selenium.TimeoutException: Expected condition failed: waiting for visibility of element located by By.xpath: //input[contains(@placeholder,'Pick-up') or contains(@aria-label,'Pick-up') or contains(@placeholder,'pickup') or contains(@data-testid,'pickup')] (tried for 25 second(s) with 500 milliseconds interval)
Build info: version: '4.18.1', revision: 'b1d3319b48'
System info: os.name: 'Windows 11', os.arch: 'amd64', os.version: '10.0', java.version: '23.0.1'
Driver info: org.openqa.selenium.chrome.ChromeDriver
Capabilities {acceptInsecureCerts: false, browserName: chrome, browserVersion: 147.0.7727.56, chrome: {chromedriverVersion: 147.0.7727.57 (b4f28b5637d0..., userDataDir: C:\Users\Hp\AppData\Local\T...}, fedcm:accounts: true, goog:chromeOptions: {debuggerAddress: localhost:65120}, goog:processID: 27336, networkConnectionEnabled: false, pageLoadStrategy: normal, platformName: windows, proxy: Proxy(), se:cdp: ws://localhost:65120/devtoo..., se:cdpVersion: 147.0.7727.56, setWindowRect: true, strictFileInteractability: false, timeouts: {implicit: 0, pageLoad: 300000, script: 30000}, unhandledPromptBehavior: dismiss and notify, webauthn:extension:credBlob: true, webauthn:extension:largeBlob: true, webauthn:extension:minPinLength: true, webauthn:extension:prf: true, webauthn:virtualAuthenticators: true}
Session ID: 41af73d7e7428146a21474a70b51ff17
at org.openqa.selenium.support.ui.WebDriverWait.timeoutException(WebDriverWait.java:84)
at org.openqa.selenium.support.ui.FluentWait.until(FluentWait.java:228)
at pages.BasePage.waitForVisible(BasePage.java:30)
at pages.RentalCarsHomePage.enterLocationAndStabilize(RentalCarsHomePage.java:148)
at pages.RentalCarsHomePage.searchCars(RentalCarsHomePage.java:44)
at stepdefinitions.Scenario006RentalCarRefinementSteps.userExecutesRentalCarRefinementFlowForSC006(Scenario006RentalCarRefinementSteps.java:35)
at ✽.user executes rental car refinement flow for SC006(file:///C:/Users/Hp/Documents/Codex/2026-04-19-files-mentioned-by-the-user-airport/BookingRentalCarsBDD-TestNG/src/test/resources/features/SC006_rental_car_refinement.feature:5)
]]>
            </full-stacktrace>
          </exception> <!-- org.openqa.selenium.TimeoutException -->
          <reporter-output>
          </reporter-output>
        </test-method> <!-- runScenario -->
        <test-method signature="runScenario(io.cucumber.testng.PickleWrapper,io.cucumber.testng.FeatureWrapper)[pri:0, instance:runners.TestRunner@683dbc2c]" started-at="2026-04-19T17:05:39 IST" name="runScenario" description="Runs Cucumber Scenarios" data-provider="scenarios" finished-at="2026-04-19T17:06:13 IST" duration-ms="33714" status="FAIL">
          <params>
            <param index="0">
              <value>
                <![CDATA["Execute rental cars SC006 testcase TC_022"]]>
              </value>
            </param>
            <param index="1">
              <value>
                <![CDATA["SC006 rental car result content and search refinement"]]>
              </value>
            </param>
          </params>
          <exception class="org.openqa.selenium.TimeoutException">
            <message>
              <![CDATA[Expected condition failed: waiting for visibility of element located by By.xpath: //input[contains(@placeholder,'Pick-up') or contains(@aria-label,'Pick-up') or contains(@placeholder,'pickup') or contains(@data-testid,'pickup')] (tried for 25 second(s) with 500 milliseconds interval)
Build info: version: '4.18.1', revision: 'b1d3319b48'
System info: os.name: 'Windows 11', os.arch: 'amd64', os.version: '10.0', java.version: '23.0.1'
Driver info: org.openqa.selenium.chrome.ChromeDriver
Capabilities {acceptInsecureCerts: false, browserName: chrome, browserVersion: 147.0.7727.56, chrome: {chromedriverVersion: 147.0.7727.57 (b4f28b5637d0..., userDataDir: C:\Users\Hp\AppData\Local\T...}, fedcm:accounts: true, goog:chromeOptions: {debuggerAddress: localhost:65119}, goog:processID: 28416, networkConnectionEnabled: false, pageLoadStrategy: normal, platformName: windows, proxy: Proxy(), se:cdp: ws://localhost:65119/devtoo..., se:cdpVersion: 147.0.7727.56, setWindowRect: true, strictFileInteractability: false, timeouts: {implicit: 0, pageLoad: 300000, script: 30000}, unhandledPromptBehavior: dismiss and notify, webauthn:extension:credBlob: true, webauthn:extension:largeBlob: true, webauthn:extension:minPinLength: true, webauthn:extension:prf: true, webauthn:virtualAuthenticators: true}
Session ID: 39d0d9165f81035c4de73dc38bb9e16b]]>
            </message>
            <full-stacktrace>
              <![CDATA[org.openqa.selenium.TimeoutException: Expected condition failed: waiting for visibility of element located by By.xpath: //input[contains(@placeholder,'Pick-up') or contains(@aria-label,'Pick-up') or contains(@placeholder,'pickup') or contains(@data-testid,'pickup')] (tried for 25 second(s) with 500 milliseconds interval)
Build info: version: '4.18.1', revision: 'b1d3319b48'
System info: os.name: 'Windows 11', os.arch: 'amd64', os.version: '10.0', java.version: '23.0.1'
Driver info: org.openqa.selenium.chrome.ChromeDriver
Capabilities {acceptInsecureCerts: false, browserName: chrome, browserVersion: 147.0.7727.56, chrome: {chromedriverVersion: 147.0.7727.57 (b4f28b5637d0..., userDataDir: C:\Users\Hp\AppData\Local\T...}, fedcm:accounts: true, goog:chromeOptions: {debuggerAddress: localhost:65119}, goog:processID: 28416, networkConnectionEnabled: false, pageLoadStrategy: normal, platformName: windows, proxy: Proxy(), se:cdp: ws://localhost:65119/devtoo..., se:cdpVersion: 147.0.7727.56, setWindowRect: true, strictFileInteractability: false, timeouts: {implicit: 0, pageLoad: 300000, script: 30000}, unhandledPromptBehavior: dismiss and notify, webauthn:extension:credBlob: true, webauthn:extension:largeBlob: true, webauthn:extension:minPinLength: true, webauthn:extension:prf: true, webauthn:virtualAuthenticators: true}
Session ID: 39d0d9165f81035c4de73dc38bb9e16b
at org.openqa.selenium.support.ui.WebDriverWait.timeoutException(WebDriverWait.java:84)
at org.openqa.selenium.support.ui.FluentWait.until(FluentWait.java:228)
at pages.BasePage.waitForVisible(BasePage.java:30)
at pages.RentalCarsHomePage.enterLocationAndStabilize(RentalCarsHomePage.java:148)
at pages.RentalCarsHomePage.searchCars(RentalCarsHomePage.java:44)
at stepdefinitions.Scenario006RentalCarRefinementSteps.userExecutesRentalCarRefinementFlowForSC006(Scenario006RentalCarRefinementSteps.java:35)
at ✽.user executes rental car refinement flow for SC006(file:///C:/Users/Hp/Documents/Codex/2026-04-19-files-mentioned-by-the-user-airport/BookingRentalCarsBDD-TestNG/src/test/resources/features/SC006_rental_car_refinement.feature:5)
]]>
            </full-stacktrace>
          </exception> <!-- org.openqa.selenium.TimeoutException -->
          <reporter-output>
          </reporter-output>
        </test-method> <!-- runScenario -->
        <test-method signature="runScenario(io.cucumber.testng.PickleWrapper,io.cucumber.testng.FeatureWrapper)[pri:0, instance:runners.TestRunner@683dbc2c]" started-at="2026-04-19T17:05:56 IST" name="runScenario" description="Runs Cucumber Scenarios" data-provider="scenarios" finished-at="2026-04-19T17:06:30 IST" duration-ms="34074" status="FAIL">
          <params>
            <param index="0">
              <value>
                <![CDATA["Execute rental cars SC006 testcase TC_023"]]>
              </value>
            </param>
            <param index="1">
              <value>
                <![CDATA["SC006 rental car result content and search refinement"]]>
              </value>
            </param>
          </params>
          <exception class="org.openqa.selenium.TimeoutException">
            <message>
              <![CDATA[Expected condition failed: waiting for visibility of element located by By.xpath: //input[contains(@placeholder,'Pick-up') or contains(@aria-label,'Pick-up') or contains(@placeholder,'pickup') or contains(@data-testid,'pickup')] (tried for 25 second(s) with 500 milliseconds interval)
Build info: version: '4.18.1', revision: 'b1d3319b48'
System info: os.name: 'Windows 11', os.arch: 'amd64', os.version: '10.0', java.version: '23.0.1'
Driver info: org.openqa.selenium.chrome.ChromeDriver
Capabilities {acceptInsecureCerts: false, browserName: chrome, browserVersion: 147.0.7727.56, chrome: {chromedriverVersion: 147.0.7727.57 (b4f28b5637d0..., userDataDir: C:\Users\Hp\AppData\Local\T...}, fedcm:accounts: true, goog:chromeOptions: {debuggerAddress: localhost:65120}, goog:processID: 27336, networkConnectionEnabled: false, pageLoadStrategy: normal, platformName: windows, proxy: Proxy(), se:cdp: ws://localhost:65120/devtoo..., se:cdpVersion: 147.0.7727.56, setWindowRect: true, strictFileInteractability: false, timeouts: {implicit: 0, pageLoad: 300000, script: 30000}, unhandledPromptBehavior: dismiss and notify, webauthn:extension:credBlob: true, webauthn:extension:largeBlob: true, webauthn:extension:minPinLength: true, webauthn:extension:prf: true, webauthn:virtualAuthenticators: true}
Session ID: 41af73d7e7428146a21474a70b51ff17]]>
            </message>
            <full-stacktrace>
              <![CDATA[org.openqa.selenium.TimeoutException: Expected condition failed: waiting for visibility of element located by By.xpath: //input[contains(@placeholder,'Pick-up') or contains(@aria-label,'Pick-up') or contains(@placeholder,'pickup') or contains(@data-testid,'pickup')] (tried for 25 second(s) with 500 milliseconds interval)
Build info: version: '4.18.1', revision: 'b1d3319b48'
System info: os.name: 'Windows 11', os.arch: 'amd64', os.version: '10.0', java.version: '23.0.1'
Driver info: org.openqa.selenium.chrome.ChromeDriver
Capabilities {acceptInsecureCerts: false, browserName: chrome, browserVersion: 147.0.7727.56, chrome: {chromedriverVersion: 147.0.7727.57 (b4f28b5637d0..., userDataDir: C:\Users\Hp\AppData\Local\T...}, fedcm:accounts: true, goog:chromeOptions: {debuggerAddress: localhost:65120}, goog:processID: 27336, networkConnectionEnabled: false, pageLoadStrategy: normal, platformName: windows, proxy: Proxy(), se:cdp: ws://localhost:65120/devtoo..., se:cdpVersion: 147.0.7727.56, setWindowRect: true, strictFileInteractability: false, timeouts: {implicit: 0, pageLoad: 300000, script: 30000}, unhandledPromptBehavior: dismiss and notify, webauthn:extension:credBlob: true, webauthn:extension:largeBlob: true, webauthn:extension:minPinLength: true, webauthn:extension:prf: true, webauthn:virtualAuthenticators: true}
Session ID: 41af73d7e7428146a21474a70b51ff17
at org.openqa.selenium.support.ui.WebDriverWait.timeoutException(WebDriverWait.java:84)
at org.openqa.selenium.support.ui.FluentWait.until(FluentWait.java:228)
at pages.BasePage.waitForVisible(BasePage.java:30)
at pages.RentalCarsHomePage.enterLocationAndStabilize(RentalCarsHomePage.java:148)
at pages.RentalCarsHomePage.searchCars(RentalCarsHomePage.java:44)
at stepdefinitions.Scenario006RentalCarRefinementSteps.userExecutesRentalCarRefinementFlowForSC006(Scenario006RentalCarRefinementSteps.java:35)
at ✽.user executes rental car refinement flow for SC006(file:///C:/Users/Hp/Documents/Codex/2026-04-19-files-mentioned-by-the-user-airport/BookingRentalCarsBDD-TestNG/src/test/resources/features/SC006_rental_car_refinement.feature:5)
]]>
            </full-stacktrace>
          </exception> <!-- org.openqa.selenium.TimeoutException -->
          <reporter-output>
          </reporter-output>
        </test-method> <!-- runScenario -->
        <test-method signature="runScenario(io.cucumber.testng.PickleWrapper,io.cucumber.testng.FeatureWrapper)[pri:0, instance:runners.TestRunner@683dbc2c]" started-at="2026-04-19T17:06:13 IST" name="runScenario" description="Runs Cucumber Scenarios" data-provider="scenarios" finished-at="2026-04-19T17:06:47 IST" duration-ms="34500" status="FAIL">
          <params>
            <param index="0">
              <value>
                <![CDATA["Execute rental cars SC006 testcase TC_024"]]>
              </value>
            </param>
            <param index="1">
              <value>
                <![CDATA["SC006 rental car result content and search refinement"]]>
              </value>
            </param>
          </params>
          <exception class="org.openqa.selenium.TimeoutException">
            <message>
              <![CDATA[Expected condition failed: waiting for visibility of element located by By.xpath: //input[contains(@placeholder,'Pick-up') or contains(@aria-label,'Pick-up') or contains(@placeholder,'pickup') or contains(@data-testid,'pickup')] (tried for 25 second(s) with 500 milliseconds interval)
Build info: version: '4.18.1', revision: 'b1d3319b48'
System info: os.name: 'Windows 11', os.arch: 'amd64', os.version: '10.0', java.version: '23.0.1'
Driver info: org.openqa.selenium.chrome.ChromeDriver
Capabilities {acceptInsecureCerts: false, browserName: chrome, browserVersion: 147.0.7727.56, chrome: {chromedriverVersion: 147.0.7727.57 (b4f28b5637d0..., userDataDir: C:\Users\Hp\AppData\Local\T...}, fedcm:accounts: true, goog:chromeOptions: {debuggerAddress: localhost:65119}, goog:processID: 28416, networkConnectionEnabled: false, pageLoadStrategy: normal, platformName: windows, proxy: Proxy(), se:cdp: ws://localhost:65119/devtoo..., se:cdpVersion: 147.0.7727.56, setWindowRect: true, strictFileInteractability: false, timeouts: {implicit: 0, pageLoad: 300000, script: 30000}, unhandledPromptBehavior: dismiss and notify, webauthn:extension:credBlob: true, webauthn:extension:largeBlob: true, webauthn:extension:minPinLength: true, webauthn:extension:prf: true, webauthn:virtualAuthenticators: true}
Session ID: 39d0d9165f81035c4de73dc38bb9e16b]]>
            </message>
            <full-stacktrace>
              <![CDATA[org.openqa.selenium.TimeoutException: Expected condition failed: waiting for visibility of element located by By.xpath: //input[contains(@placeholder,'Pick-up') or contains(@aria-label,'Pick-up') or contains(@placeholder,'pickup') or contains(@data-testid,'pickup')] (tried for 25 second(s) with 500 milliseconds interval)
Build info: version: '4.18.1', revision: 'b1d3319b48'
System info: os.name: 'Windows 11', os.arch: 'amd64', os.version: '10.0', java.version: '23.0.1'
Driver info: org.openqa.selenium.chrome.ChromeDriver
Capabilities {acceptInsecureCerts: false, browserName: chrome, browserVersion: 147.0.7727.56, chrome: {chromedriverVersion: 147.0.7727.57 (b4f28b5637d0..., userDataDir: C:\Users\Hp\AppData\Local\T...}, fedcm:accounts: true, goog:chromeOptions: {debuggerAddress: localhost:65119}, goog:processID: 28416, networkConnectionEnabled: false, pageLoadStrategy: normal, platformName: windows, proxy: Proxy(), se:cdp: ws://localhost:65119/devtoo..., se:cdpVersion: 147.0.7727.56, setWindowRect: true, strictFileInteractability: false, timeouts: {implicit: 0, pageLoad: 300000, script: 30000}, unhandledPromptBehavior: dismiss and notify, webauthn:extension:credBlob: true, webauthn:extension:largeBlob: true, webauthn:extension:minPinLength: true, webauthn:extension:prf: true, webauthn:virtualAuthenticators: true}
Session ID: 39d0d9165f81035c4de73dc38bb9e16b
at org.openqa.selenium.support.ui.WebDriverWait.timeoutException(WebDriverWait.java:84)
at org.openqa.selenium.support.ui.FluentWait.until(FluentWait.java:228)
at pages.BasePage.waitForVisible(BasePage.java:30)
at pages.RentalCarsHomePage.enterLocationAndStabilize(RentalCarsHomePage.java:148)
at pages.RentalCarsHomePage.searchCars(RentalCarsHomePage.java:44)
at stepdefinitions.Scenario006RentalCarRefinementSteps.userExecutesRentalCarRefinementFlowForSC006(Scenario006RentalCarRefinementSteps.java:35)
at ✽.user executes rental car refinement flow for SC006(file:///C:/Users/Hp/Documents/Codex/2026-04-19-files-mentioned-by-the-user-airport/BookingRentalCarsBDD-TestNG/src/test/resources/features/SC006_rental_car_refinement.feature:5)
]]>
            </full-stacktrace>
          </exception> <!-- org.openqa.selenium.TimeoutException -->
          <reporter-output>
          </reporter-output>
        </test-method> <!-- runScenario -->
        <test-method is-config="true" signature="tearDownClass()[pri:0, instance:runners.TestRunner@683dbc2c]" started-at="2026-04-19T17:06:47 IST" name="tearDownClass" finished-at="2026-04-19T17:06:47 IST" duration-ms="100" status="PASS">
          <reporter-output>
          </reporter-output>
        </test-method> <!-- tearDownClass -->
      </class> <!-- runners.TestRunner -->
    </test> <!-- Default test -->
  </suite> <!-- Default suite -->
</testng-results>
